INFO - 2023-10-27 06:26:05 --> Session: Class initialized using 'CodeIgniter\Session\Handlers\FileHandler' driver.
ERROR - 2023-10-27 06:28:41 --> mysqli_sql_exception: Unknown column 'id' in 'where clause' in C:\xampp\htdocs\OCR_Website\vendor\codeigniter4\framework\system\Database\MySQLi\Connection.php:306
Stack trace:
#0 C:\xampp\htdocs\OCR_Website\vendor\codeigniter4\framework\system\Database\MySQLi\Connection.php(306): mysqli->query('SELECT 1\nFROM `...', 0)
#1 C:\xampp\htdocs\OCR_Website\vendor\codeigniter4\framework\system\Database\BaseConnection.php(692): CodeIgniter\Database\MySQLi\Connection->execute('SELECT 1\nFROM `...')
#2 C:\xampp\htdocs\OCR_Website\vendor\codeigniter4\framework\system\Database\BaseConnection.php(606): CodeIgniter\Database\BaseConnection->simpleQuery('SELECT 1\nFROM `...')
#3 C:\xampp\htdocs\OCR_Website\vendor\codeigniter4\framework\system\Database\BaseBuilder.php(1615): CodeIgniter\Database\BaseConnection->query('SELECT 1\nFROM `...', Array, false)
#4 C:\xampp\htdocs\OCR_Website\vendor\codeigniter4\framework\system\Validation\StrictRules\Rules.php(206): CodeIgniter\Database\BaseBuilder->get()
#5 C:\xampp\htdocs\OCR_Website\vendor\codeigniter4\framework\system\Validation\Validation.php(309): CodeIgniter\Validation\StrictRules\Rules->is_unique('user123@email.c...', 'email', Array, NULL, 'email')
#6 C:\xampp\htdocs\OCR_Website\vendor\codeigniter4\framework\system\Validation\Validation.php(195): CodeIgniter\Validation\Validation->processRules('email', 'email', 'user123@email.c...', Array, Array)
#7 C:\xampp\htdocs\OCR_Website\app\Services\UserServices.php(167): CodeIgniter\Validation\Validation->run()
#8 C:\xampp\htdocs\OCR_Website\app\Services\UserServices.php(74): App\Services\UserServices->validateEditUser(Object(CodeIgniter\HTTP\IncomingRequest))
#9 C:\xampp\htdocs\OCR_Website\app\Controllers\Admin\UserController.php(68): App\Services\UserServices->updateUserInfo(Object(CodeIgniter\HTTP\IncomingRequest))
#10 C:\xampp\htdocs\OCR_Website\vendor\codeigniter4\framework\system\CodeIgniter.php(919): App\Controllers\Admin\UserController->update()
#11 C:\xampp\htdocs\OCR_Website\vendor\codeigniter4\framework\system\CodeIgniter.php(494): CodeIgniter\CodeIgniter->runController(Object(App\Controllers\Admin\UserController))
#12 C:\xampp\htdocs\OCR_Website\vendor\codeigniter4\framework\system\CodeIgniter.php(353): CodeIgniter\CodeIgniter->handleRequest(NULL, Object(Config\Cache), false)
#13 C:\xampp\htdocs\OCR_Website\public\index.php(81): CodeIgniter\CodeIgniter->run()
#14 C:\xampp\htdocs\OCR_Website\vendor\codeigniter4\framework\system\Commands\Server\rewrite.php(47): require_once('C:\\xampp\\htdocs...')
#15 {main}
CRITICAL - 2023-10-27 06:28:41 --> Unknown column 'id' in 'where clause'
in SYSTEMPATH\Database\BaseConnection.php on line 646.
 1 SYSTEMPATH\Database\BaseBuilder.php(1615): CodeIgniter\Database\BaseConnection->query('SELECT 1
FROM `users`
WHERE `email` = :email:
AND `id` != :id:
 LIMIT 1', [...], false)
 2 SYSTEMPATH\Validation\StrictRules\Rules.php(206): CodeIgniter\Database\BaseBuilder->get()
 3 SYSTEMPATH\Validation\Validation.php(309): CodeIgniter\Validation\StrictRules\Rules->is_unique('user123@email.com', 'email', [...], null, 'email')
 4 SYSTEMPATH\Validation\Validation.php(195): CodeIgniter\Validation\Validation->processRules('email', 'email', 'user123@email.com', [...], [...])
 5 APPPATH\Services\UserServices.php(167): CodeIgniter\Validation\Validation->run()
 6 APPPATH\Services\UserServices.php(74): App\Services\UserServices->validateEditUser(Object(CodeIgniter\HTTP\IncomingRequest))
 7 APPPATH\Controllers\Admin\UserController.php(68): App\Services\UserServices->updateUserInfo(Object(CodeIgniter\HTTP\IncomingRequest))
 8 SYSTEMPATH\CodeIgniter.php(919): App\Controllers\Admin\UserController->update()
 9 SYSTEMPATH\CodeIgniter.php(494): CodeIgniter\CodeIgniter->runController(Object(App\Controllers\Admin\UserController))
10 SYSTEMPATH\CodeIgniter.php(353): CodeIgniter\CodeIgniter->handleRequest(null, Object(Config\Cache), false)
11 FCPATH\index.php(81): CodeIgniter\CodeIgniter->run()
12 SYSTEMPATH\Commands\Server\rewrite.php(47): require_once('C:\\xampp\\htdocs\\OCR_Website\\public\\index.php')
