CRITICAL - 2023-11-09 18:14:49 --> Object of class App\Controllers\User\ModelController could not be converted to string
in APPPATH\Controllers\User\ModelController.php on line 49.
 1 SYSTEMPATH\CodeIgniter.php(919): App\Controllers\User\ModelController->predict()
 2 SYSTEMPATH\CodeIgniter.php(494): CodeIgniter\CodeIgniter->runController(Object(App\Controllers\User\ModelController))
 3 SYSTEMPATH\CodeIgniter.php(353): CodeIgniter\CodeIgniter->handleRequest(null, Object(Config\Cache), false)
 4 FCPATH\index.php(81): CodeIgniter\CodeIgniter->run()
 5 SYSTEMPATH\Commands\Server\rewrite.php(47): require_once('C:\\xampp\\htdocs\\OCR_Website\\public\\index.php')
CRITICAL - 2023-11-09 18:26:54 --> Too few arguments to function App\Controllers\User\HomeController::index(), 0 passed in C:\xampp\htdocs\OCR_Website\vendor\codeigniter4\framework\system\CodeIgniter.php on line 919 and exactly 1 expected
in APPPATH\Controllers\User\HomeController.php on line 11.
 1 SYSTEMPATH\CodeIgniter.php(919): App\Controllers\User\HomeController->index()
 2 SYSTEMPATH\CodeIgniter.php(494): CodeIgniter\CodeIgniter->runController(Object(App\Controllers\User\HomeController))
 3 SYSTEMPATH\CodeIgniter.php(353): CodeIgniter\CodeIgniter->handleRequest(null, Object(Config\Cache), false)
 4 FCPATH\index.php(81): CodeIgniter\CodeIgniter->run()
 5 SYSTEMPATH\Commands\Server\rewrite.php(47): require_once('C:\\xampp\\htdocs\\OCR_Website\\public\\index.php')
CRITICAL - 2023-11-09 18:27:52 --> Undefined variable $outputPredict
in APPPATH\Views\user\index.php on line 171.
 1 APPPATH\Views\user\index.php(171): CodeIgniter\Debug\Exceptions->errorHandler(2, 'Undefined variable $outputPredict', 'C:\\xampp\\htdocs\\OCR_Website\\app\\Views\\user\\index.php', 171)
 2 SYSTEMPATH\View\View.php(226): include('C:\\xampp\\htdocs\\OCR_Website\\app\\Views\\user\\index.php')
 3 SYSTEMPATH\View\View.php(229): CodeIgniter\View\View->CodeIgniter\View\{closure}()
 4 SYSTEMPATH\Common.php(1188): CodeIgniter\View\View->render('user/index', [], true)
 5 APPPATH\Controllers\User\HomeController.php(14): view('user/index', [...])
 6 SYSTEMPATH\CodeIgniter.php(919): App\Controllers\User\HomeController->index()
 7 SYSTEMPATH\CodeIgniter.php(494): CodeIgniter\CodeIgniter->runController(Object(App\Controllers\User\HomeController))
 8 SYSTEMPATH\CodeIgniter.php(353): CodeIgniter\CodeIgniter->handleRequest(null, Object(Config\Cache), false)
 9 FCPATH\index.php(81): CodeIgniter\CodeIgniter->run()
10 SYSTEMPATH\Commands\Server\rewrite.php(47): require_once('C:\\xampp\\htdocs\\OCR_Website\\public\\index.php')
CRITICAL - 2023-11-09 18:28:12 --> Array to string conversion
in APPPATH\Views\user\index.php on line 171.
 1 APPPATH\Views\user\index.php(171): CodeIgniter\Debug\Exceptions->errorHandler(2, 'Array to string conversion', 'C:\\xampp\\htdocs\\OCR_Website\\app\\Views\\user\\index.php', 171)
 2 SYSTEMPATH\View\View.php(226): include('C:\\xampp\\htdocs\\OCR_Website\\app\\Views\\user\\index.php')
 3 SYSTEMPATH\View\View.php(229): CodeIgniter\View\View->CodeIgniter\View\{closure}()
 4 SYSTEMPATH\Common.php(1188): CodeIgniter\View\View->render('user/index', [], true)
 5 APPPATH\Controllers\User\HomeController.php(14): view('user/index', [...])
 6 SYSTEMPATH\CodeIgniter.php(919): App\Controllers\User\HomeController->index()
 7 SYSTEMPATH\CodeIgniter.php(494): CodeIgniter\CodeIgniter->runController(Object(App\Controllers\User\HomeController))
 8 SYSTEMPATH\CodeIgniter.php(353): CodeIgniter\CodeIgniter->handleRequest(null, Object(Config\Cache), false)
 9 FCPATH\index.php(81): CodeIgniter\CodeIgniter->run()
10 SYSTEMPATH\Commands\Server\rewrite.php(47): require_once('C:\\xampp\\htdocs\\OCR_Website\\public\\index.php')
CRITICAL - 2023-11-09 18:32:54 --> The route for "user/index" cannot be found.
in SYSTEMPATH\HTTP\RedirectResponse.php on line 60.
 1 SYSTEMPATH\HTTP\RedirectResponse.php(60): CodeIgniter\HTTP\Exceptions\HTTPException::forInvalidRedirectRoute('user/index')
 2 SYSTEMPATH\Common.php(878): CodeIgniter\HTTP\RedirectResponse->route(false)
 3 APPPATH\Controllers\User\ModelController.php(43): redirect('user/index', [...])
 4 SYSTEMPATH\CodeIgniter.php(919): App\Controllers\User\ModelController->predict()
 5 SYSTEMPATH\CodeIgniter.php(494): CodeIgniter\CodeIgniter->runController(Object(App\Controllers\User\ModelController))
 6 SYSTEMPATH\CodeIgniter.php(353): CodeIgniter\CodeIgniter->handleRequest(null, Object(Config\Cache), false)
 7 FCPATH\index.php(81): CodeIgniter\CodeIgniter->run()
 8 SYSTEMPATH\Commands\Server\rewrite.php(47): require_once('C:\\xampp\\htdocs\\OCR_Website\\public\\index.php')
CRITICAL - 2023-11-09 18:36:50 --> Invalid file: "user/home.php"
in SYSTEMPATH\Exceptions\FrameworkException.php on line 39.
 1 SYSTEMPATH\View\View.php(214): CodeIgniter\Exceptions\FrameworkException::forInvalidFile('user/home.php')
 2 SYSTEMPATH\Common.php(1188): CodeIgniter\View\View->render('user/home', [], true)
 3 APPPATH\Controllers\User\ModelController.php(47): view('user/home', [...])
 4 SYSTEMPATH\CodeIgniter.php(919): App\Controllers\User\ModelController->predict()
 5 SYSTEMPATH\CodeIgniter.php(494): CodeIgniter\CodeIgniter->runController(Object(App\Controllers\User\ModelController))
 6 SYSTEMPATH\CodeIgniter.php(353): CodeIgniter\CodeIgniter->handleRequest(null, Object(Config\Cache), false)
 7 FCPATH\index.php(81): CodeIgniter\CodeIgniter->run()
 8 SYSTEMPATH\Commands\Server\rewrite.php(47): require_once('C:\\xampp\\htdocs\\OCR_Website\\public\\index.php')
INFO - 2023-11-09 18:38:26 --> Session: Class initialized using 'CodeIgniter\Session\Handlers\FileHandler' driver.
INFO - 2023-11-09 18:38:40 --> Session: Class initialized using 'CodeIgniter\Session\Handlers\FileHandler' driver.
CRITICAL - 2023-11-09 18:49:59 --> Too few arguments to function App\Controllers\User\HomeController::indexWithInput(), 0 passed in C:\xampp\htdocs\OCR_Website\vendor\codeigniter4\framework\system\CodeIgniter.php on line 919 and exactly 1 expected
in APPPATH\Controllers\User\HomeController.php on line 19.
 1 SYSTEMPATH\CodeIgniter.php(919): App\Controllers\User\HomeController->indexWithInput()
 2 SYSTEMPATH\CodeIgniter.php(494): CodeIgniter\CodeIgniter->runController(Object(App\Controllers\User\HomeController))
 3 SYSTEMPATH\CodeIgniter.php(353): CodeIgniter\CodeIgniter->handleRequest(null, Object(Config\Cache), false)
 4 FCPATH\index.php(81): CodeIgniter\CodeIgniter->run()
 5 SYSTEMPATH\Commands\Server\rewrite.php(47): require_once('C:\\xampp\\htdocs\\OCR_Website\\public\\index.php')
CRITICAL - 2023-11-09 18:54:49 --> The route for "localhost:8080" cannot be found.
in SYSTEMPATH\HTTP\RedirectResponse.php on line 60.
 1 SYSTEMPATH\HTTP\RedirectResponse.php(60): CodeIgniter\HTTP\Exceptions\HTTPException::forInvalidRedirectRoute('localhost:8080')
 2 SYSTEMPATH\Common.php(878): CodeIgniter\HTTP\RedirectResponse->route(false)
 3 APPPATH\Controllers\User\ModelController.php(42): redirect('localhost:8080', [...])
 4 SYSTEMPATH\CodeIgniter.php(919): App\Controllers\User\ModelController->predict()
 5 SYSTEMPATH\CodeIgniter.php(494): CodeIgniter\CodeIgniter->runController(Object(App\Controllers\User\ModelController))
 6 SYSTEMPATH\CodeIgniter.php(353): CodeIgniter\CodeIgniter->handleRequest(null, Object(Config\Cache), false)
 7 FCPATH\index.php(81): CodeIgniter\CodeIgniter->run()
 8 SYSTEMPATH\Commands\Server\rewrite.php(47): require_once('C:\\xampp\\htdocs\\OCR_Website\\public\\index.php')
CRITICAL - 2023-11-09 19:15:48 --> Undefined variable $currentSection
in APPPATH\Views\user\index.php on line 19.
 1 APPPATH\Views\user\index.php(19): CodeIgniter\Debug\Exceptions->errorHandler(2, 'Undefined variable $currentSection', 'C:\\xampp\\htdocs\\OCR_Website\\app\\Views\\user\\index.php', 19)
 2 SYSTEMPATH\View\View.php(226): include('C:\\xampp\\htdocs\\OCR_Website\\app\\Views\\user\\index.php')
 3 SYSTEMPATH\View\View.php(229): CodeIgniter\View\View->CodeIgniter\View\{closure}()
 4 SYSTEMPATH\Common.php(1188): CodeIgniter\View\View->render('user/index', [], true)
 5 APPPATH\Controllers\User\HomeController.php(13): view('user/index', [...])
 6 SYSTEMPATH\CodeIgniter.php(919): App\Controllers\User\HomeController->index()
 7 SYSTEMPATH\CodeIgniter.php(494): CodeIgniter\CodeIgniter->runController(Object(App\Controllers\User\HomeController))
 8 SYSTEMPATH\CodeIgniter.php(353): CodeIgniter\CodeIgniter->handleRequest(null, Object(Config\Cache), false)
 9 FCPATH\index.php(81): CodeIgniter\CodeIgniter->run()
10 SYSTEMPATH\Commands\Server\rewrite.php(47): require_once('C:\\xampp\\htdocs\\OCR_Website\\public\\index.php')
CRITICAL - 2023-11-09 19:17:18 --> Undefined variable $currentSection
in APPPATH\Views\user\index.php on line 19.
 1 APPPATH\Views\user\index.php(19): CodeIgniter\Debug\Exceptions->errorHandler(2, 'Undefined variable $currentSection', 'C:\\xampp\\htdocs\\OCR_Website\\app\\Views\\user\\index.php', 19)
 2 SYSTEMPATH\View\View.php(226): include('C:\\xampp\\htdocs\\OCR_Website\\app\\Views\\user\\index.php')
 3 SYSTEMPATH\View\View.php(229): CodeIgniter\View\View->CodeIgniter\View\{closure}()
 4 SYSTEMPATH\Common.php(1188): CodeIgniter\View\View->render('user/index', [...], true)
 5 APPPATH\Controllers\User\HomeController.php(13): view('user/index', [...], [...])
 6 SYSTEMPATH\CodeIgniter.php(919): App\Controllers\User\HomeController->index()
 7 SYSTEMPATH\CodeIgniter.php(494): CodeIgniter\CodeIgniter->runController(Object(App\Controllers\User\HomeController))
 8 SYSTEMPATH\CodeIgniter.php(353): CodeIgniter\CodeIgniter->handleRequest(null, Object(Config\Cache), false)
 9 FCPATH\index.php(81): CodeIgniter\CodeIgniter->run()
10 SYSTEMPATH\Commands\Server\rewrite.php(47): require_once('C:\\xampp\\htdocs\\OCR_Website\\public\\index.php')
CRITICAL - 2023-11-09 19:18:01 --> Undefined variable $currentSection
in APPPATH\Views\user\index.php on line 19.
 1 APPPATH\Views\user\index.php(19): CodeIgniter\Debug\Exceptions->errorHandler(2, 'Undefined variable $currentSection', 'C:\\xampp\\htdocs\\OCR_Website\\app\\Views\\user\\index.php', 19)
 2 SYSTEMPATH\View\View.php(226): include('C:\\xampp\\htdocs\\OCR_Website\\app\\Views\\user\\index.php')
 3 SYSTEMPATH\View\View.php(229): CodeIgniter\View\View->CodeIgniter\View\{closure}()
 4 SYSTEMPATH\Common.php(1188): CodeIgniter\View\View->render('user/index', [...], true)
 5 APPPATH\Controllers\User\ModelController.php(42): view('user/index', [...], [...])
 6 SYSTEMPATH\CodeIgniter.php(919): App\Controllers\User\ModelController->predict()
 7 SYSTEMPATH\CodeIgniter.php(494): CodeIgniter\CodeIgniter->runController(Object(App\Controllers\User\ModelController))
 8 SYSTEMPATH\CodeIgniter.php(353): CodeIgniter\CodeIgniter->handleRequest(null, Object(Config\Cache), false)
 9 FCPATH\index.php(81): CodeIgniter\CodeIgniter->run()
10 SYSTEMPATH\Commands\Server\rewrite.php(47): require_once('C:\\xampp\\htdocs\\OCR_Website\\public\\index.php')
CRITICAL - 2023-11-09 19:51:46 --> Path cannot be empty
in APPPATH\Views\user\index.php on line 194.
 1 APPPATH\Views\user\index.php(194): file_get_contents('')
 2 SYSTEMPATH\View\View.php(226): include('C:\\xampp\\htdocs\\OCR_Website\\app\\Views\\user\\index.php')
 3 SYSTEMPATH\View\View.php(229): CodeIgniter\View\View->CodeIgniter\View\{closure}()
 4 SYSTEMPATH\Common.php(1188): CodeIgniter\View\View->render('user/index', [], true)
 5 APPPATH\Controllers\User\HomeController.php(15): view('user/index', [...])
 6 SYSTEMPATH\CodeIgniter.php(919): App\Controllers\User\HomeController->index()
 7 SYSTEMPATH\CodeIgniter.php(494): CodeIgniter\CodeIgniter->runController(Object(App\Controllers\User\HomeController))
 8 SYSTEMPATH\CodeIgniter.php(353): CodeIgniter\CodeIgniter->handleRequest(null, Object(Config\Cache), false)
 9 FCPATH\index.php(81): CodeIgniter\CodeIgniter->run()
10 SYSTEMPATH\Commands\Server\rewrite.php(47): require_once('C:\\xampp\\htdocs\\OCR_Website\\public\\index.php')
ERROR - 2023-11-09 20:29:15 --> Error connecting to the database: mysqli_sql_exception: No connection could be made because the target machine actively refused it in C:\xampp\htdocs\OCR_Website\vendor\codeigniter4\framework\system\Database\MySQLi\Connection.php:184
Stack trace:
#0 C:\xampp\htdocs\OCR_Website\vendor\codeigniter4\framework\system\Database\MySQLi\Connection.php(184): mysqli->real_connect('localhost', 'root', Object(SensitiveParameterValue), 'ocr_website', 3306, '', 0)
#1 C:\xampp\htdocs\OCR_Website\vendor\codeigniter4\framework\system\Database\BaseConnection.php(391): CodeIgniter\Database\MySQLi\Connection->connect(false)
#2 C:\xampp\htdocs\OCR_Website\vendor\codeigniter4\framework\system\Database\BaseConnection.php(574): CodeIgniter\Database\BaseConnection->initialize()
#3 C:\xampp\htdocs\OCR_Website\vendor\codeigniter4\framework\system\Database\BaseBuilder.php(1615): CodeIgniter\Database\BaseConnection->query('SELECT *\nFROM `...', Array, false)
#4 C:\xampp\htdocs\OCR_Website\vendor\codeigniter4\framework\system\Model.php(264): CodeIgniter\Database\BaseBuilder->get()
#5 C:\xampp\htdocs\OCR_Website\vendor\codeigniter4\framework\system\BaseModel.php(662): CodeIgniter\Model->doFirst()
#6 C:\xampp\htdocs\OCR_Website\app\Services\LoginServices.php(89): CodeIgniter\BaseModel->first()
#7 C:\xampp\htdocs\OCR_Website\app\Controllers\User\LoginController.php(61): App\Services\LoginServices->hasResetInfo(Object(CodeIgniter\HTTP\IncomingRequest))
#8 C:\xampp\htdocs\OCR_Website\vendor\codeigniter4\framework\system\CodeIgniter.php(919): App\Controllers\User\LoginController->validateReset()
#9 C:\xampp\htdocs\OCR_Website\vendor\codeigniter4\framework\system\CodeIgniter.php(494): CodeIgniter\CodeIgniter->runController(Object(App\Controllers\User\LoginController))
#10 C:\xampp\htdocs\OCR_Website\vendor\codeigniter4\framework\system\CodeIgniter.php(353): CodeIgniter\CodeIgniter->handleRequest(NULL, Object(Config\Cache), false)
#11 C:\xampp\htdocs\OCR_Website\public\index.php(81): CodeIgniter\CodeIgniter->run()
#12 C:\xampp\htdocs\OCR_Website\vendor\codeigniter4\framework\system\Commands\Server\rewrite.php(47): require_once('C:\\xampp\\htdocs...')
#13 {main}

Next CodeIgniter\Database\Exceptions\DatabaseException: No connection could be made because the target machine actively refused it in C:\xampp\htdocs\OCR_Website\vendor\codeigniter4\framework\system\Database\MySQLi\Connection.php:229
Stack trace:
#0 C:\xampp\htdocs\OCR_Website\vendor\codeigniter4\framework\system\Database\BaseConnection.php(391): CodeIgniter\Database\MySQLi\Connection->connect(false)
#1 C:\xampp\htdocs\OCR_Website\vendor\codeigniter4\framework\system\Database\BaseConnection.php(574): CodeIgniter\Database\BaseConnection->initialize()
#2 C:\xampp\htdocs\OCR_Website\vendor\codeigniter4\framework\system\Database\BaseBuilder.php(1615): CodeIgniter\Database\BaseConnection->query('SELECT *\nFROM `...', Array, false)
#3 C:\xampp\htdocs\OCR_Website\vendor\codeigniter4\framework\system\Model.php(264): CodeIgniter\Database\BaseBuilder->get()
#4 C:\xampp\htdocs\OCR_Website\vendor\codeigniter4\framework\system\BaseModel.php(662): CodeIgniter\Model->doFirst()
#5 C:\xampp\htdocs\OCR_Website\app\Services\LoginServices.php(89): CodeIgniter\BaseModel->first()
#6 C:\xampp\htdocs\OCR_Website\app\Controllers\User\LoginController.php(61): App\Services\LoginServices->hasResetInfo(Object(CodeIgniter\HTTP\IncomingRequest))
#7 C:\xampp\htdocs\OCR_Website\vendor\codeigniter4\framework\system\CodeIgniter.php(919): App\Controllers\User\LoginController->validateReset()
#8 C:\xampp\htdocs\OCR_Website\vendor\codeigniter4\framework\system\CodeIgniter.php(494): CodeIgniter\CodeIgniter->runController(Object(App\Controllers\User\LoginController))
#9 C:\xampp\htdocs\OCR_Website\vendor\codeigniter4\framework\system\CodeIgniter.php(353): CodeIgniter\CodeIgniter->handleRequest(NULL, Object(Config\Cache), false)
#10 C:\xampp\htdocs\OCR_Website\public\index.php(81): CodeIgniter\CodeIgniter->run()
#11 C:\xampp\htdocs\OCR_Website\vendor\codeigniter4\framework\system\Commands\Server\rewrite.php(47): require_once('C:\\xampp\\htdocs...')
#12 {main}
CRITICAL - 2023-11-09 20:29:15 --> Unable to connect to the database.
Main connection [MySQLi]: No connection could be made because the target machine actively refused it
in SYSTEMPATH\Database\BaseConnection.php on line 427.
 1 SYSTEMPATH\Database\BaseConnection.php(574): CodeIgniter\Database\BaseConnection->initialize()
 2 SYSTEMPATH\Database\BaseBuilder.php(1615): CodeIgniter\Database\BaseConnection->query('SELECT *
FROM `users`
WHERE `resetEmailInput` = :resetEmailInput:
 LIMIT 1', [...], false)
 3 SYSTEMPATH\Model.php(264): CodeIgniter\Database\BaseBuilder->get()
 4 SYSTEMPATH\BaseModel.php(662): CodeIgniter\Model->doFirst()
 5 APPPATH\Services\LoginServices.php(89): CodeIgniter\BaseModel->first()
 6 APPPATH\Controllers\User\LoginController.php(61): App\Services\LoginServices->hasResetInfo(Object(CodeIgniter\HTTP\IncomingRequest))
 7 SYSTEMPATH\CodeIgniter.php(919): App\Controllers\User\LoginController->validateReset()
 8 SYSTEMPATH\CodeIgniter.php(494): CodeIgniter\CodeIgniter->runController(Object(App\Controllers\User\LoginController))
 9 SYSTEMPATH\CodeIgniter.php(353): CodeIgniter\CodeIgniter->handleRequest(null, Object(Config\Cache), false)
10 FCPATH\index.php(81): CodeIgniter\CodeIgniter->run()
11 SYSTEMPATH\Commands\Server\rewrite.php(47): require_once('C:\\xampp\\htdocs\\OCR_Website\\public\\index.php')
ERROR - 2023-11-09 20:30:10 --> mysqli_sql_exception: Unknown column 'resetEmailInput' in 'where clause' in C:\xampp\htdocs\OCR_Website\vendor\codeigniter4\framework\system\Database\MySQLi\Connection.php:306
Stack trace:
#0 C:\xampp\htdocs\OCR_Website\vendor\codeigniter4\framework\system\Database\MySQLi\Connection.php(306): mysqli->query('SELECT *\nFROM `...', 0)
#1 C:\xampp\htdocs\OCR_Website\vendor\codeigniter4\framework\system\Database\BaseConnection.php(692): CodeIgniter\Database\MySQLi\Connection->execute('SELECT *\nFROM `...')
#2 C:\xampp\htdocs\OCR_Website\vendor\codeigniter4\framework\system\Database\BaseConnection.php(606): CodeIgniter\Database\BaseConnection->simpleQuery('SELECT *\nFROM `...')
#3 C:\xampp\htdocs\OCR_Website\vendor\codeigniter4\framework\system\Database\BaseBuilder.php(1615): CodeIgniter\Database\BaseConnection->query('SELECT *\nFROM `...', Array, false)
#4 C:\xampp\htdocs\OCR_Website\vendor\codeigniter4\framework\system\Model.php(264): CodeIgniter\Database\BaseBuilder->get()
#5 C:\xampp\htdocs\OCR_Website\vendor\codeigniter4\framework\system\BaseModel.php(662): CodeIgniter\Model->doFirst()
#6 C:\xampp\htdocs\OCR_Website\app\Services\LoginServices.php(89): CodeIgniter\BaseModel->first()
#7 C:\xampp\htdocs\OCR_Website\app\Controllers\User\LoginController.php(61): App\Services\LoginServices->hasResetInfo(Object(CodeIgniter\HTTP\IncomingRequest))
#8 C:\xampp\htdocs\OCR_Website\vendor\codeigniter4\framework\system\CodeIgniter.php(919): App\Controllers\User\LoginController->validateReset()
#9 C:\xampp\htdocs\OCR_Website\vendor\codeigniter4\framework\system\CodeIgniter.php(494): CodeIgniter\CodeIgniter->runController(Object(App\Controllers\User\LoginController))
#10 C:\xampp\htdocs\OCR_Website\vendor\codeigniter4\framework\system\CodeIgniter.php(353): CodeIgniter\CodeIgniter->handleRequest(NULL, Object(Config\Cache), false)
#11 C:\xampp\htdocs\OCR_Website\public\index.php(81): CodeIgniter\CodeIgniter->run()
#12 C:\xampp\htdocs\OCR_Website\vendor\codeigniter4\framework\system\Commands\Server\rewrite.php(47): require_once('C:\\xampp\\htdocs...')
#13 {main}
CRITICAL - 2023-11-09 20:30:10 --> Unknown column 'resetEmailInput' in 'where clause'
in SYSTEMPATH\Database\BaseConnection.php on line 646.
 1 SYSTEMPATH\Database\BaseBuilder.php(1615): CodeIgniter\Database\BaseConnection->query('SELECT *
FROM `users`
WHERE `resetEmailInput` = :resetEmailInput:
 LIMIT 1', [...], false)
 2 SYSTEMPATH\Model.php(264): CodeIgniter\Database\BaseBuilder->get()
 3 SYSTEMPATH\BaseModel.php(662): CodeIgniter\Model->doFirst()
 4 APPPATH\Services\LoginServices.php(89): CodeIgniter\BaseModel->first()
 5 APPPATH\Controllers\User\LoginController.php(61): App\Services\LoginServices->hasResetInfo(Object(CodeIgniter\HTTP\IncomingRequest))
 6 SYSTEMPATH\CodeIgniter.php(919): App\Controllers\User\LoginController->validateReset()
 7 SYSTEMPATH\CodeIgniter.php(494): CodeIgniter\CodeIgniter->runController(Object(App\Controllers\User\LoginController))
 8 SYSTEMPATH\CodeIgniter.php(353): CodeIgniter\CodeIgniter->handleRequest(null, Object(Config\Cache), false)
 9 FCPATH\index.php(81): CodeIgniter\CodeIgniter->run()
10 SYSTEMPATH\Commands\Server\rewrite.php(47): require_once('C:\\xampp\\htdocs\\OCR_Website\\public\\index.php')
CRITICAL - 2023-11-09 21:04:57 --> Undefined array key "email"
in APPPATH\Services\LoginServices.php on line 89.
 1 APPPATH\Services\LoginServices.php(89): CodeIgniter\Debug\Exceptions->errorHandler(2, 'Undefined array key "email"', 'C:\\xampp\\htdocs\\OCR_Website\\app\\Services\\LoginServices.php', 89)
 2 APPPATH\Controllers\User\LoginController.php(61): App\Services\LoginServices->hasResetInfo(Object(CodeIgniter\HTTP\IncomingRequest))
 3 SYSTEMPATH\CodeIgniter.php(919): App\Controllers\User\LoginController->validateReset()
 4 SYSTEMPATH\CodeIgniter.php(494): CodeIgniter\CodeIgniter->runController(Object(App\Controllers\User\LoginController))
 5 SYSTEMPATH\CodeIgniter.php(353): CodeIgniter\CodeIgniter->handleRequest(null, Object(Config\Cache), false)
 6 FCPATH\index.php(81): CodeIgniter\CodeIgniter->run()
 7 SYSTEMPATH\Commands\Server\rewrite.php(47): require_once('C:\\xampp\\htdocs\\OCR_Website\\public\\index.php')
CRITICAL - 2023-11-09 21:30:15 --> Call to undefined method App\Models\UserModel::getUserByEmail
in SYSTEMPATH\Model.php on line 873.
 1 APPPATH\Services\LoginServices.php(131): CodeIgniter\Model->__call('getUserByEmail', [...])
 2 SYSTEMPATH\Validation\Validation.php(294): App\Services\LoginServices->App\Services\{closure}(null, [...], null, 'password')
 3 SYSTEMPATH\Validation\Validation.php(195): CodeIgniter\Validation\Validation->processRules('password', 'password', null, [...], [...])
 4 APPPATH\Services\LoginServices.php(152): CodeIgniter\Validation\Validation->run()
 5 APPPATH\Services\LoginServices.php(96): App\Services\LoginServices->validateEditUser(Object(CodeIgniter\HTTP\IncomingRequest))
 6 APPPATH\Controllers\User\LoginController.php(61): App\Services\LoginServices->hasResetInfo(Object(CodeIgniter\HTTP\IncomingRequest))
 7 SYSTEMPATH\CodeIgniter.php(919): App\Controllers\User\LoginController->validateReset()
 8 SYSTEMPATH\CodeIgniter.php(494): CodeIgniter\CodeIgniter->runController(Object(App\Controllers\User\LoginController))
 9 SYSTEMPATH\CodeIgniter.php(353): CodeIgniter\CodeIgniter->handleRequest(null, Object(Config\Cache), false)
10 FCPATH\index.php(81): CodeIgniter\CodeIgniter->run()
11 SYSTEMPATH\Commands\Server\rewrite.php(47): require_once('C:\\xampp\\htdocs\\OCR_Website\\public\\index.php')
CRITICAL - 2023-11-09 21:32:09 --> Call to undefined method App\Models\UserModel::getUserByEmail
in SYSTEMPATH\Model.php on line 873.
 1 APPPATH\Services\LoginServices.php(131): CodeIgniter\Model->__call('getUserByEmail', [...])
 2 SYSTEMPATH\Validation\Validation.php(294): App\Services\LoginServices->App\Services\{closure}(null, [...], null, 'password')
 3 SYSTEMPATH\Validation\Validation.php(195): CodeIgniter\Validation\Validation->processRules('password', 'password', null, [...], [...])
 4 APPPATH\Services\LoginServices.php(152): CodeIgniter\Validation\Validation->run()
 5 APPPATH\Services\LoginServices.php(96): App\Services\LoginServices->validateEditUser(Object(CodeIgniter\HTTP\IncomingRequest))
 6 APPPATH\Controllers\User\LoginController.php(61): App\Services\LoginServices->hasResetInfo(Object(CodeIgniter\HTTP\IncomingRequest))
 7 SYSTEMPATH\CodeIgniter.php(919): App\Controllers\User\LoginController->validateReset()
 8 SYSTEMPATH\CodeIgniter.php(494): CodeIgniter\CodeIgniter->runController(Object(App\Controllers\User\LoginController))
 9 SYSTEMPATH\CodeIgniter.php(353): CodeIgniter\CodeIgniter->handleRequest(null, Object(Config\Cache), false)
10 FCPATH\index.php(81): CodeIgniter\CodeIgniter->run()
11 SYSTEMPATH\Commands\Server\rewrite.php(47): require_once('C:\\xampp\\htdocs\\OCR_Website\\public\\index.php')
CRITICAL - 2023-11-09 21:32:48 --> Call to undefined method App\Models\UserModel::getUserByID
in SYSTEMPATH\Model.php on line 873.
 1 APPPATH\Services\LoginServices.php(131): CodeIgniter\Model->__call('getUserByID', [...])
 2 SYSTEMPATH\Validation\Validation.php(294): App\Services\LoginServices->App\Services\{closure}(null, [...], null, 'password')
 3 SYSTEMPATH\Validation\Validation.php(195): CodeIgniter\Validation\Validation->processRules('password', 'password', null, [...], [...])
 4 APPPATH\Services\LoginServices.php(152): CodeIgniter\Validation\Validation->run()
 5 APPPATH\Services\LoginServices.php(96): App\Services\LoginServices->validateEditUser(Object(CodeIgniter\HTTP\IncomingRequest))
 6 APPPATH\Controllers\User\LoginController.php(61): App\Services\LoginServices->hasResetInfo(Object(CodeIgniter\HTTP\IncomingRequest))
 7 SYSTEMPATH\CodeIgniter.php(919): App\Controllers\User\LoginController->validateReset()
 8 SYSTEMPATH\CodeIgniter.php(494): CodeIgniter\CodeIgniter->runController(Object(App\Controllers\User\LoginController))
 9 SYSTEMPATH\CodeIgniter.php(353): CodeIgniter\CodeIgniter->handleRequest(null, Object(Config\Cache), false)
10 FCPATH\index.php(81): CodeIgniter\CodeIgniter->run()
11 SYSTEMPATH\Commands\Server\rewrite.php(47): require_once('C:\\xampp\\htdocs\\OCR_Website\\public\\index.php')
CRITICAL - 2023-11-09 21:38:46 --> Attempt to read property "password" on null
in APPPATH\Services\LoginServices.php on line 134.
 1 APPPATH\Services\LoginServices.php(134): CodeIgniter\Debug\Exceptions->errorHandler(2, 'Attempt to read property "password" on null', 'C:\\xampp\\htdocs\\OCR_Website\\app\\Services\\LoginServices.php', 134)
 2 SYSTEMPATH\Validation\Validation.php(294): App\Services\LoginServices->App\Services\{closure}(null, [...], null, 'password')
 3 SYSTEMPATH\Validation\Validation.php(195): CodeIgniter\Validation\Validation->processRules('password', 'password', null, [...], [...])
 4 APPPATH\Services\LoginServices.php(152): CodeIgniter\Validation\Validation->run()
 5 APPPATH\Services\LoginServices.php(96): App\Services\LoginServices->validateEditUser(Object(CodeIgniter\HTTP\IncomingRequest))
 6 APPPATH\Controllers\User\LoginController.php(61): App\Services\LoginServices->hasResetInfo(Object(CodeIgniter\HTTP\IncomingRequest))
 7 SYSTEMPATH\CodeIgniter.php(919): App\Controllers\User\LoginController->validateReset()
 8 SYSTEMPATH\CodeIgniter.php(494): CodeIgniter\CodeIgniter->runController(Object(App\Controllers\User\LoginController))
 9 SYSTEMPATH\CodeIgniter.php(353): CodeIgniter\CodeIgniter->handleRequest(null, Object(Config\Cache), false)
10 FCPATH\index.php(81): CodeIgniter\CodeIgniter->run()
11 SYSTEMPATH\Commands\Server\rewrite.php(47): require_once('C:\\xampp\\htdocs\\OCR_Website\\public\\index.php')
CRITICAL - 2023-11-09 21:45:11 --> Attempt to read property "password" on array
in APPPATH\Services\LoginServices.php on line 136.
 1 APPPATH\Services\LoginServices.php(136): CodeIgniter\Debug\Exceptions->errorHandler(2, 'Attempt to read property "password" on array', 'C:\\xampp\\htdocs\\OCR_Website\\app\\Services\\LoginServices.php', 136)
 2 SYSTEMPATH\Validation\Validation.php(294): App\Services\LoginServices->App\Services\{closure}(null, [...], null, 'password')
 3 SYSTEMPATH\Validation\Validation.php(195): CodeIgniter\Validation\Validation->processRules('password', 'password', null, [...], [...])
 4 APPPATH\Services\LoginServices.php(154): CodeIgniter\Validation\Validation->run()
 5 APPPATH\Services\LoginServices.php(96): App\Services\LoginServices->validateEditUser(Object(CodeIgniter\HTTP\IncomingRequest))
 6 APPPATH\Controllers\User\LoginController.php(61): App\Services\LoginServices->hasResetInfo(Object(CodeIgniter\HTTP\IncomingRequest))
 7 SYSTEMPATH\CodeIgniter.php(919): App\Controllers\User\LoginController->validateReset()
 8 SYSTEMPATH\CodeIgniter.php(494): CodeIgniter\CodeIgniter->runController(Object(App\Controllers\User\LoginController))
 9 SYSTEMPATH\CodeIgniter.php(353): CodeIgniter\CodeIgniter->handleRequest(null, Object(Config\Cache), false)
10 FCPATH\index.php(81): CodeIgniter\CodeIgniter->run()
11 SYSTEMPATH\Commands\Server\rewrite.php(47): require_once('C:\\xampp\\htdocs\\OCR_Website\\public\\index.php')
CRITICAL - 2023-11-09 21:47:10 --> Attempt to read property "password" on array
in APPPATH\Services\LoginServices.php on line 136.
 1 APPPATH\Services\LoginServices.php(136): CodeIgniter\Debug\Exceptions->errorHandler(2, 'Attempt to read property "password" on array', 'C:\\xampp\\htdocs\\OCR_Website\\app\\Services\\LoginServices.php', 136)
 2 SYSTEMPATH\Validation\Validation.php(294): App\Services\LoginServices->App\Services\{closure}(null, [...], null, 'password')
 3 SYSTEMPATH\Validation\Validation.php(195): CodeIgniter\Validation\Validation->processRules('password', 'password', null, [...], [...])
 4 APPPATH\Services\LoginServices.php(155): CodeIgniter\Validation\Validation->run()
 5 APPPATH\Services\LoginServices.php(96): App\Services\LoginServices->validateEditUser(Object(CodeIgniter\HTTP\IncomingRequest))
 6 APPPATH\Controllers\User\LoginController.php(61): App\Services\LoginServices->hasResetInfo(Object(CodeIgniter\HTTP\IncomingRequest))
 7 SYSTEMPATH\CodeIgniter.php(919): App\Controllers\User\LoginController->validateReset()
 8 SYSTEMPATH\CodeIgniter.php(494): CodeIgniter\CodeIgniter->runController(Object(App\Controllers\User\LoginController))
 9 SYSTEMPATH\CodeIgniter.php(353): CodeIgniter\CodeIgniter->handleRequest(null, Object(Config\Cache), false)
10 FCPATH\index.php(81): CodeIgniter\CodeIgniter->run()
11 SYSTEMPATH\Commands\Server\rewrite.php(47): require_once('C:\\xampp\\htdocs\\OCR_Website\\public\\index.php')
CRITICAL - 2023-11-09 22:03:20 --> "callback_validate_old_password" is not a valid rule.
in SYSTEMPATH\Validation\Validation.php on line 317.
 1 SYSTEMPATH\Validation\Validation.php(317): CodeIgniter\Validation\Exceptions\ValidationException::forRuleNotFound('callback_validate_old_password')
 2 SYSTEMPATH\Validation\Validation.php(195): CodeIgniter\Validation\Validation->processRules('password', 'Mật khẩu', null, [...], [...])
 3 APPPATH\Services\LoginServices.php(145): CodeIgniter\Validation\Validation->run()
 4 APPPATH\Services\LoginServices.php(96): App\Services\LoginServices->validateResetUser(Object(CodeIgniter\HTTP\IncomingRequest))
 5 APPPATH\Controllers\User\LoginController.php(61): App\Services\LoginServices->hasResetInfo(Object(CodeIgniter\HTTP\IncomingRequest))
 6 SYSTEMPATH\CodeIgniter.php(919): App\Controllers\User\LoginController->validateReset()
 7 SYSTEMPATH\CodeIgniter.php(494): CodeIgniter\CodeIgniter->runController(Object(App\Controllers\User\LoginController))
 8 SYSTEMPATH\CodeIgniter.php(353): CodeIgniter\CodeIgniter->handleRequest(null, Object(Config\Cache), false)
 9 FCPATH\index.php(81): CodeIgniter\CodeIgniter->run()
10 SYSTEMPATH\Commands\Server\rewrite.php(47): require_once('C:\\xampp\\htdocs\\OCR_Website\\public\\index.php')
CRITICAL - 2023-11-09 22:13:08 --> "old_password" is not a valid rule.
in SYSTEMPATH\Validation\Validation.php on line 317.
 1 SYSTEMPATH\Validation\Validation.php(317): CodeIgniter\Validation\Exceptions\ValidationException::forRuleNotFound('old_password')
 2 SYSTEMPATH\Validation\Validation.php(195): CodeIgniter\Validation\Validation->processRules('password', 'Mật khẩu', null, [...], [...])
 3 APPPATH\Services\LoginServices.php(145): CodeIgniter\Validation\Validation->run()
 4 APPPATH\Services\LoginServices.php(96): App\Services\LoginServices->validateResetUser(Object(CodeIgniter\HTTP\IncomingRequest))
 5 APPPATH\Controllers\User\LoginController.php(61): App\Services\LoginServices->hasResetInfo(Object(CodeIgniter\HTTP\IncomingRequest))
 6 SYSTEMPATH\CodeIgniter.php(919): App\Controllers\User\LoginController->validateReset()
 7 SYSTEMPATH\CodeIgniter.php(494): CodeIgniter\CodeIgniter->runController(Object(App\Controllers\User\LoginController))
 8 SYSTEMPATH\CodeIgniter.php(353): CodeIgniter\CodeIgniter->handleRequest(null, Object(Config\Cache), false)
 9 FCPATH\index.php(81): CodeIgniter\CodeIgniter->run()
10 SYSTEMPATH\Commands\Server\rewrite.php(47): require_once('C:\\xampp\\htdocs\\OCR_Website\\public\\index.php')
CRITICAL - 2023-11-09 22:19:02 --> CodeIgniter\Validation\Validation::processIfExist(): Argument #2 ($rules) must be of type array, Closure given, called in C:\xampp\htdocs\OCR_Website\vendor\codeigniter4\framework\system\Validation\Validation.php on line 268
in SYSTEMPATH\Validation\Validation.php on line 356.
 1 SYSTEMPATH\Validation\Validation.php(268): CodeIgniter\Validation\Validation->processIfExist('password', Object(Closure), [...])
 2 SYSTEMPATH\Validation\Validation.php(195): CodeIgniter\Validation\Validation->processRules('password', 'Mật khẩu', null, Object(Closure), [...])
 3 APPPATH\Services\LoginServices.php(154): CodeIgniter\Validation\Validation->run()
 4 APPPATH\Services\LoginServices.php(96): App\Services\LoginServices->validateResetUser(Object(CodeIgniter\HTTP\IncomingRequest))
 5 APPPATH\Controllers\User\LoginController.php(61): App\Services\LoginServices->hasResetInfo(Object(CodeIgniter\HTTP\IncomingRequest))
 6 SYSTEMPATH\CodeIgniter.php(919): App\Controllers\User\LoginController->validateReset()
 7 SYSTEMPATH\CodeIgniter.php(494): CodeIgniter\CodeIgniter->runController(Object(App\Controllers\User\LoginController))
 8 SYSTEMPATH\CodeIgniter.php(353): CodeIgniter\CodeIgniter->handleRequest(null, Object(Config\Cache), false)
 9 FCPATH\index.php(81): CodeIgniter\CodeIgniter->run()
10 SYSTEMPATH\Commands\Server\rewrite.php(47): require_once('C:\\xampp\\htdocs\\OCR_Website\\public\\index.php')
CRITICAL - 2023-11-09 22:19:48 --> CodeIgniter\Validation\Validation::processIfExist(): Argument #2 ($rules) must be of type array, Closure given, called in C:\xampp\htdocs\OCR_Website\vendor\codeigniter4\framework\system\Validation\Validation.php on line 268
in SYSTEMPATH\Validation\Validation.php on line 356.
 1 SYSTEMPATH\Validation\Validation.php(268): CodeIgniter\Validation\Validation->processIfExist('password', Object(Closure), [...])
 2 SYSTEMPATH\Validation\Validation.php(195): CodeIgniter\Validation\Validation->processRules('password', 'Mật khẩu', null, Object(Closure), [...])
 3 APPPATH\Services\LoginServices.php(154): CodeIgniter\Validation\Validation->run()
 4 APPPATH\Services\LoginServices.php(96): App\Services\LoginServices->validateResetUser(Object(CodeIgniter\HTTP\IncomingRequest))
 5 APPPATH\Controllers\User\LoginController.php(61): App\Services\LoginServices->hasResetInfo(Object(CodeIgniter\HTTP\IncomingRequest))
 6 SYSTEMPATH\CodeIgniter.php(919): App\Controllers\User\LoginController->validateReset()
 7 SYSTEMPATH\CodeIgniter.php(494): CodeIgniter\CodeIgniter->runController(Object(App\Controllers\User\LoginController))
 8 SYSTEMPATH\CodeIgniter.php(353): CodeIgniter\CodeIgniter->handleRequest(null, Object(Config\Cache), false)
 9 FCPATH\index.php(81): CodeIgniter\CodeIgniter->run()
10 SYSTEMPATH\Commands\Server\rewrite.php(47): require_once('C:\\xampp\\htdocs\\OCR_Website\\public\\index.php')
CRITICAL - 2023-11-09 22:41:08 --> CodeIgniter\Validation\Validation::withRequest(): Argument #1 ($request) must be of type CodeIgniter\HTTP\RequestInterface, array given, called in C:\xampp\htdocs\OCR_Website\app\Services\LoginServices.php on line 154
in SYSTEMPATH\Validation\Validation.php on line 475.
 1 APPPATH\Services\LoginServices.php(154): CodeIgniter\Validation\Validation->withRequest([...])
 2 APPPATH\Services\LoginServices.php(97): App\Services\LoginServices->validateResetUser([...])
 3 APPPATH\Controllers\User\LoginController.php(61): App\Services\LoginServices->hasResetInfo([...])
 4 SYSTEMPATH\CodeIgniter.php(919): App\Controllers\User\LoginController->validateReset()
 5 SYSTEMPATH\CodeIgniter.php(494): CodeIgniter\CodeIgniter->runController(Object(App\Controllers\User\LoginController))
 6 SYSTEMPATH\CodeIgniter.php(353): CodeIgniter\CodeIgniter->handleRequest(null, Object(Config\Cache), false)
 7 FCPATH\index.php(81): CodeIgniter\CodeIgniter->run()
 8 SYSTEMPATH\Commands\Server\rewrite.php(47): require_once('C:\\xampp\\htdocs\\OCR_Website\\public\\index.php')
CRITICAL - 2023-11-09 22:43:43 --> CodeIgniter\Validation\Validation::withRequest(): Argument #1 ($request) must be of type CodeIgniter\HTTP\RequestInterface, array given, called in C:\xampp\htdocs\OCR_Website\app\Services\LoginServices.php on line 155
in SYSTEMPATH\Validation\Validation.php on line 475.
 1 APPPATH\Services\LoginServices.php(155): CodeIgniter\Validation\Validation->withRequest([...])
 2 APPPATH\Services\LoginServices.php(97): App\Services\LoginServices->validateResetUser([...])
 3 APPPATH\Controllers\User\LoginController.php(61): App\Services\LoginServices->hasResetInfo([...])
 4 SYSTEMPATH\CodeIgniter.php(919): App\Controllers\User\LoginController->validateReset()
 5 SYSTEMPATH\CodeIgniter.php(494): CodeIgniter\CodeIgniter->runController(Object(App\Controllers\User\LoginController))
 6 SYSTEMPATH\CodeIgniter.php(353): CodeIgniter\CodeIgniter->handleRequest(null, Object(Config\Cache), false)
 7 FCPATH\index.php(81): CodeIgniter\CodeIgniter->run()
 8 SYSTEMPATH\Commands\Server\rewrite.php(47): require_once('C:\\xampp\\htdocs\\OCR_Website\\public\\index.php')
CRITICAL - 2023-11-09 22:44:09 --> "match" is not a valid rule.
in SYSTEMPATH\Validation\Validation.php on line 317.
 1 SYSTEMPATH\Validation\Validation.php(317): CodeIgniter\Validation\Exceptions\ValidationException::forRuleNotFound('match')
 2 SYSTEMPATH\Validation\Validation.php(195): CodeIgniter\Validation\Validation->processRules('reNewPwdInput', 'reNewPwdInput', 'q1Q!q1Q!q1Q!', [...], [...])
 3 APPPATH\Services\LoginServices.php(155): CodeIgniter\Validation\Validation->run()
 4 APPPATH\Services\LoginServices.php(97): App\Services\LoginServices->validateResetUser(Object(CodeIgniter\HTTP\IncomingRequest))
 5 APPPATH\Controllers\User\LoginController.php(61): App\Services\LoginServices->hasResetInfo(Object(CodeIgniter\HTTP\IncomingRequest))
 6 SYSTEMPATH\CodeIgniter.php(919): App\Controllers\User\LoginController->validateReset()
 7 SYSTEMPATH\CodeIgniter.php(494): CodeIgniter\CodeIgniter->runController(Object(App\Controllers\User\LoginController))
 8 SYSTEMPATH\CodeIgniter.php(353): CodeIgniter\CodeIgniter->handleRequest(null, Object(Config\Cache), false)
 9 FCPATH\index.php(81): CodeIgniter\CodeIgniter->run()
10 SYSTEMPATH\Commands\Server\rewrite.php(47): require_once('C:\\xampp\\htdocs\\OCR_Website\\public\\index.php')
ERROR - 2023-11-09 22:44:37 --> mysqli_sql_exception: Unknown column 'resetEmailInput' in 'field list' in C:\xampp\htdocs\OCR_Website\vendor\codeigniter4\framework\system\Database\MySQLi\Connection.php:306
Stack trace:
#0 C:\xampp\htdocs\OCR_Website\vendor\codeigniter4\framework\system\Database\MySQLi\Connection.php(306): mysqli->query('INSERT INTO `us...', 0)
#1 C:\xampp\htdocs\OCR_Website\vendor\codeigniter4\framework\system\Database\BaseConnection.php(692): CodeIgniter\Database\MySQLi\Connection->execute('INSERT INTO `us...')
#2 C:\xampp\htdocs\OCR_Website\vendor\codeigniter4\framework\system\Database\BaseConnection.php(606): CodeIgniter\Database\BaseConnection->simpleQuery('INSERT INTO `us...')
#3 C:\xampp\htdocs\OCR_Website\vendor\codeigniter4\framework\system\Database\BaseBuilder.php(2308): CodeIgniter\Database\BaseConnection->query('INSERT INTO `us...', Array, false)
#4 C:\xampp\htdocs\OCR_Website\vendor\codeigniter4\framework\system\Model.php(319): CodeIgniter\Database\BaseBuilder->insert()
#5 C:\xampp\htdocs\OCR_Website\vendor\codeigniter4\framework\system\BaseModel.php(788): CodeIgniter\Model->doInsert(Array)
#6 C:\xampp\htdocs\OCR_Website\vendor\codeigniter4\framework\system\Model.php(715): CodeIgniter\BaseModel->insert(Array, false)
#7 C:\xampp\htdocs\OCR_Website\vendor\codeigniter4\framework\system\BaseModel.php(698): CodeIgniter\Model->insert(Array, false)
#8 C:\xampp\htdocs\OCR_Website\app\Services\LoginServices.php(112): CodeIgniter\BaseModel->save(Array)
#9 C:\xampp\htdocs\OCR_Website\app\Controllers\User\LoginController.php(61): App\Services\LoginServices->hasResetInfo(Object(CodeIgniter\HTTP\IncomingRequest))
#10 C:\xampp\htdocs\OCR_Website\vendor\codeigniter4\framework\system\CodeIgniter.php(919): App\Controllers\User\LoginController->validateReset()
#11 C:\xampp\htdocs\OCR_Website\vendor\codeigniter4\framework\system\CodeIgniter.php(494): CodeIgniter\CodeIgniter->runController(Object(App\Controllers\User\LoginController))
#12 C:\xampp\htdocs\OCR_Website\vendor\codeigniter4\framework\system\CodeIgniter.php(353): CodeIgniter\CodeIgniter->handleRequest(NULL, Object(Config\Cache), false)
#13 C:\xampp\htdocs\OCR_Website\public\index.php(81): CodeIgniter\CodeIgniter->run()
#14 C:\xampp\htdocs\OCR_Website\vendor\codeigniter4\framework\system\Commands\Server\rewrite.php(47): require_once('C:\\xampp\\htdocs...')
#15 {main}
CRITICAL - 2023-11-09 22:44:37 --> Unknown column 'resetEmailInput' in 'field list'
in SYSTEMPATH\Database\BaseConnection.php on line 646.
 1 SYSTEMPATH\Database\BaseBuilder.php(2308): CodeIgniter\Database\BaseConnection->query('INSERT INTO `users` (`resetEmailInput`, `password`) VALUES (:resetEmailInput:, :password:)', [...], false)
 2 SYSTEMPATH\Model.php(319): CodeIgniter\Database\BaseBuilder->insert()
 3 SYSTEMPATH\BaseModel.php(788): CodeIgniter\Model->doInsert([...])
 4 SYSTEMPATH\Model.php(715): CodeIgniter\BaseModel->insert([...], false)
 5 SYSTEMPATH\BaseModel.php(698): CodeIgniter\Model->insert([...], false)
 6 APPPATH\Services\LoginServices.php(112): CodeIgniter\BaseModel->save([...])
 7 APPPATH\Controllers\User\LoginController.php(61): App\Services\LoginServices->hasResetInfo(Object(CodeIgniter\HTTP\IncomingRequest))
 8 SYSTEMPATH\CodeIgniter.php(919): App\Controllers\User\LoginController->validateReset()
 9 SYSTEMPATH\CodeIgniter.php(494): CodeIgniter\CodeIgniter->runController(Object(App\Controllers\User\LoginController))
10 SYSTEMPATH\CodeIgniter.php(353): CodeIgniter\CodeIgniter->handleRequest(null, Object(Config\Cache), false)
11 FCPATH\index.php(81): CodeIgniter\CodeIgniter->run()
12 SYSTEMPATH\Commands\Server\rewrite.php(47): require_once('C:\\xampp\\htdocs\\OCR_Website\\public\\index.php')
CRITICAL - 2023-11-09 22:49:15 --> Call to undefined method App\Models\UserModel::getUserByID
in SYSTEMPATH\Model.php on line 873.
 1 APPPATH\Services\LoginServices.php(107): CodeIgniter\Model->__call('getUserByID', [...])
 2 APPPATH\Controllers\User\LoginController.php(61): App\Services\LoginServices->hasResetInfo(Object(CodeIgniter\HTTP\IncomingRequest))
 3 SYSTEMPATH\CodeIgniter.php(919): App\Controllers\User\LoginController->validateReset()
 4 SYSTEMPATH\CodeIgniter.php(494): CodeIgniter\CodeIgniter->runController(Object(App\Controllers\User\LoginController))
 5 SYSTEMPATH\CodeIgniter.php(353): CodeIgniter\CodeIgniter->handleRequest(null, Object(Config\Cache), false)
 6 FCPATH\index.php(81): CodeIgniter\CodeIgniter->run()
 7 SYSTEMPATH\Commands\Server\rewrite.php(47): require_once('C:\\xampp\\htdocs\\OCR_Website\\public\\index.php')
ERROR - 2023-11-09 22:53:34 --> mysqli_sql_exception: Unknown column 'resetEmailInput' in 'field list' in C:\xampp\htdocs\OCR_Website\vendor\codeigniter4\framework\system\Database\MySQLi\Connection.php:306
Stack trace:
#0 C:\xampp\htdocs\OCR_Website\vendor\codeigniter4\framework\system\Database\MySQLi\Connection.php(306): mysqli->query('INSERT INTO `us...', 0)
#1 C:\xampp\htdocs\OCR_Website\vendor\codeigniter4\framework\system\Database\BaseConnection.php(692): CodeIgniter\Database\MySQLi\Connection->execute('INSERT INTO `us...')
#2 C:\xampp\htdocs\OCR_Website\vendor\codeigniter4\framework\system\Database\BaseConnection.php(606): CodeIgniter\Database\BaseConnection->simpleQuery('INSERT INTO `us...')
#3 C:\xampp\htdocs\OCR_Website\vendor\codeigniter4\framework\system\Database\BaseBuilder.php(2308): CodeIgniter\Database\BaseConnection->query('INSERT INTO `us...', Array, false)
#4 C:\xampp\htdocs\OCR_Website\vendor\codeigniter4\framework\system\Model.php(319): CodeIgniter\Database\BaseBuilder->insert()
#5 C:\xampp\htdocs\OCR_Website\vendor\codeigniter4\framework\system\BaseModel.php(788): CodeIgniter\Model->doInsert(Array)
#6 C:\xampp\htdocs\OCR_Website\vendor\codeigniter4\framework\system\Model.php(715): CodeIgniter\BaseModel->insert(Array, false)
#7 C:\xampp\htdocs\OCR_Website\vendor\codeigniter4\framework\system\BaseModel.php(698): CodeIgniter\Model->insert(Array, false)
#8 C:\xampp\htdocs\OCR_Website\app\Services\LoginServices.php(127): CodeIgniter\BaseModel->save(Array)
#9 C:\xampp\htdocs\OCR_Website\app\Controllers\User\LoginController.php(61): App\Services\LoginServices->hasResetInfo(Object(CodeIgniter\HTTP\IncomingRequest))
#10 C:\xampp\htdocs\OCR_Website\vendor\codeigniter4\framework\system\CodeIgniter.php(919): App\Controllers\User\LoginController->validateReset()
#11 C:\xampp\htdocs\OCR_Website\vendor\codeigniter4\framework\system\CodeIgniter.php(494): CodeIgniter\CodeIgniter->runController(Object(App\Controllers\User\LoginController))
#12 C:\xampp\htdocs\OCR_Website\vendor\codeigniter4\framework\system\CodeIgniter.php(353): CodeIgniter\CodeIgniter->handleRequest(NULL, Object(Config\Cache), false)
#13 C:\xampp\htdocs\OCR_Website\public\index.php(81): CodeIgniter\CodeIgniter->run()
#14 C:\xampp\htdocs\OCR_Website\vendor\codeigniter4\framework\system\Commands\Server\rewrite.php(47): require_once('C:\\xampp\\htdocs...')
#15 {main}
CRITICAL - 2023-11-09 22:53:34 --> Unknown column 'resetEmailInput' in 'field list'
in SYSTEMPATH\Database\BaseConnection.php on line 646.
 1 SYSTEMPATH\Database\BaseBuilder.php(2308): CodeIgniter\Database\BaseConnection->query('INSERT INTO `users` (`resetEmailInput`, `password`) VALUES (:resetEmailInput:, :password:)', [...], false)
 2 SYSTEMPATH\Model.php(319): CodeIgniter\Database\BaseBuilder->insert()
 3 SYSTEMPATH\BaseModel.php(788): CodeIgniter\Model->doInsert([...])
 4 SYSTEMPATH\Model.php(715): CodeIgniter\BaseModel->insert([...], false)
 5 SYSTEMPATH\BaseModel.php(698): CodeIgniter\Model->insert([...], false)
 6 APPPATH\Services\LoginServices.php(127): CodeIgniter\BaseModel->save([...])
 7 APPPATH\Controllers\User\LoginController.php(61): App\Services\LoginServices->hasResetInfo(Object(CodeIgniter\HTTP\IncomingRequest))
 8 SYSTEMPATH\CodeIgniter.php(919): App\Controllers\User\LoginController->validateReset()
 9 SYSTEMPATH\CodeIgniter.php(494): CodeIgniter\CodeIgniter->runController(Object(App\Controllers\User\LoginController))
10 SYSTEMPATH\CodeIgniter.php(353): CodeIgniter\CodeIgniter->handleRequest(null, Object(Config\Cache), false)
11 FCPATH\index.php(81): CodeIgniter\CodeIgniter->run()
12 SYSTEMPATH\Commands\Server\rewrite.php(47): require_once('C:\\xampp\\htdocs\\OCR_Website\\public\\index.php')
ERROR - 2023-11-09 22:57:12 --> mysqli_sql_exception: Duplicate entry '' for key 'email' in C:\xampp\htdocs\OCR_Website\vendor\codeigniter4\framework\system\Database\MySQLi\Connection.php:306
Stack trace:
#0 C:\xampp\htdocs\OCR_Website\vendor\codeigniter4\framework\system\Database\MySQLi\Connection.php(306): mysqli->query('INSERT INTO `us...', 0)
#1 C:\xampp\htdocs\OCR_Website\vendor\codeigniter4\framework\system\Database\BaseConnection.php(692): CodeIgniter\Database\MySQLi\Connection->execute('INSERT INTO `us...')
#2 C:\xampp\htdocs\OCR_Website\vendor\codeigniter4\framework\system\Database\BaseConnection.php(606): CodeIgniter\Database\BaseConnection->simpleQuery('INSERT INTO `us...')
#3 C:\xampp\htdocs\OCR_Website\vendor\codeigniter4\framework\system\Database\BaseBuilder.php(2308): CodeIgniter\Database\BaseConnection->query('INSERT INTO `us...', Array, false)
#4 C:\xampp\htdocs\OCR_Website\vendor\codeigniter4\framework\system\Model.php(319): CodeIgniter\Database\BaseBuilder->insert()
#5 C:\xampp\htdocs\OCR_Website\vendor\codeigniter4\framework\system\BaseModel.php(788): CodeIgniter\Model->doInsert(Array)
#6 C:\xampp\htdocs\OCR_Website\vendor\codeigniter4\framework\system\Model.php(715): CodeIgniter\BaseModel->insert(Array, false)
#7 C:\xampp\htdocs\OCR_Website\vendor\codeigniter4\framework\system\BaseModel.php(698): CodeIgniter\Model->insert(Array, false)
#8 C:\xampp\htdocs\OCR_Website\app\Services\LoginServices.php(128): CodeIgniter\BaseModel->save(Array)
#9 C:\xampp\htdocs\OCR_Website\app\Controllers\User\LoginController.php(61): App\Services\LoginServices->hasResetInfo(Object(CodeIgniter\HTTP\IncomingRequest))
#10 C:\xampp\htdocs\OCR_Website\vendor\codeigniter4\framework\system\CodeIgniter.php(919): App\Controllers\User\LoginController->validateReset()
#11 C:\xampp\htdocs\OCR_Website\vendor\codeigniter4\framework\system\CodeIgniter.php(494): CodeIgniter\CodeIgniter->runController(Object(App\Controllers\User\LoginController))
#12 C:\xampp\htdocs\OCR_Website\vendor\codeigniter4\framework\system\CodeIgniter.php(353): CodeIgniter\CodeIgniter->handleRequest(NULL, Object(Config\Cache), false)
#13 C:\xampp\htdocs\OCR_Website\public\index.php(81): CodeIgniter\CodeIgniter->run()
#14 C:\xampp\htdocs\OCR_Website\vendor\codeigniter4\framework\system\Commands\Server\rewrite.php(47): require_once('C:\\xampp\\htdocs...')
#15 {main}
CRITICAL - 2023-11-09 22:57:12 --> Duplicate entry '' for key 'email'
in SYSTEMPATH\Database\BaseConnection.php on line 646.
 1 SYSTEMPATH\Database\BaseBuilder.php(2308): CodeIgniter\Database\BaseConnection->query('INSERT INTO `users` (`password`) VALUES (:password:)', [...], false)
 2 SYSTEMPATH\Model.php(319): CodeIgniter\Database\BaseBuilder->insert()
 3 SYSTEMPATH\BaseModel.php(788): CodeIgniter\Model->doInsert([...])
 4 SYSTEMPATH\Model.php(715): CodeIgniter\BaseModel->insert([...], false)
 5 SYSTEMPATH\BaseModel.php(698): CodeIgniter\Model->insert([...], false)
 6 APPPATH\Services\LoginServices.php(128): CodeIgniter\BaseModel->save([...])
 7 APPPATH\Controllers\User\LoginController.php(61): App\Services\LoginServices->hasResetInfo(Object(CodeIgniter\HTTP\IncomingRequest))
 8 SYSTEMPATH\CodeIgniter.php(919): App\Controllers\User\LoginController->validateReset()
 9 SYSTEMPATH\CodeIgniter.php(494): CodeIgniter\CodeIgniter->runController(Object(App\Controllers\User\LoginController))
10 SYSTEMPATH\CodeIgniter.php(353): CodeIgniter\CodeIgniter->handleRequest(null, Object(Config\Cache), false)
11 FCPATH\index.php(81): CodeIgniter\CodeIgniter->run()
12 SYSTEMPATH\Commands\Server\rewrite.php(47): require_once('C:\\xampp\\htdocs\\OCR_Website\\public\\index.php')
ERROR - 2023-11-09 22:57:20 --> mysqli_sql_exception: Duplicate entry '' for key 'email' in C:\xampp\htdocs\OCR_Website\vendor\codeigniter4\framework\system\Database\MySQLi\Connection.php:306
Stack trace:
#0 C:\xampp\htdocs\OCR_Website\vendor\codeigniter4\framework\system\Database\MySQLi\Connection.php(306): mysqli->query('INSERT INTO `us...', 0)
#1 C:\xampp\htdocs\OCR_Website\vendor\codeigniter4\framework\system\Database\BaseConnection.php(692): CodeIgniter\Database\MySQLi\Connection->execute('INSERT INTO `us...')
#2 C:\xampp\htdocs\OCR_Website\vendor\codeigniter4\framework\system\Database\BaseConnection.php(606): CodeIgniter\Database\BaseConnection->simpleQuery('INSERT INTO `us...')
#3 C:\xampp\htdocs\OCR_Website\vendor\codeigniter4\framework\system\Database\BaseBuilder.php(2308): CodeIgniter\Database\BaseConnection->query('INSERT INTO `us...', Array, false)
#4 C:\xampp\htdocs\OCR_Website\vendor\codeigniter4\framework\system\Model.php(319): CodeIgniter\Database\BaseBuilder->insert()
#5 C:\xampp\htdocs\OCR_Website\vendor\codeigniter4\framework\system\BaseModel.php(788): CodeIgniter\Model->doInsert(Array)
#6 C:\xampp\htdocs\OCR_Website\vendor\codeigniter4\framework\system\Model.php(715): CodeIgniter\BaseModel->insert(Array, false)
#7 C:\xampp\htdocs\OCR_Website\vendor\codeigniter4\framework\system\BaseModel.php(698): CodeIgniter\Model->insert(Array, false)
#8 C:\xampp\htdocs\OCR_Website\app\Services\LoginServices.php(128): CodeIgniter\BaseModel->save(Array)
#9 C:\xampp\htdocs\OCR_Website\app\Controllers\User\LoginController.php(61): App\Services\LoginServices->hasResetInfo(Object(CodeIgniter\HTTP\IncomingRequest))
#10 C:\xampp\htdocs\OCR_Website\vendor\codeigniter4\framework\system\CodeIgniter.php(919): App\Controllers\User\LoginController->validateReset()
#11 C:\xampp\htdocs\OCR_Website\vendor\codeigniter4\framework\system\CodeIgniter.php(494): CodeIgniter\CodeIgniter->runController(Object(App\Controllers\User\LoginController))
#12 C:\xampp\htdocs\OCR_Website\vendor\codeigniter4\framework\system\CodeIgniter.php(353): CodeIgniter\CodeIgniter->handleRequest(NULL, Object(Config\Cache), false)
#13 C:\xampp\htdocs\OCR_Website\public\index.php(81): CodeIgniter\CodeIgniter->run()
#14 C:\xampp\htdocs\OCR_Website\vendor\codeigniter4\framework\system\Commands\Server\rewrite.php(47): require_once('C:\\xampp\\htdocs...')
#15 {main}
CRITICAL - 2023-11-09 22:57:20 --> Duplicate entry '' for key 'email'
in SYSTEMPATH\Database\BaseConnection.php on line 646.
 1 SYSTEMPATH\Database\BaseBuilder.php(2308): CodeIgniter\Database\BaseConnection->query('INSERT INTO `users` (`password`) VALUES (:password:)', [...], false)
 2 SYSTEMPATH\Model.php(319): CodeIgniter\Database\BaseBuilder->insert()
 3 SYSTEMPATH\BaseModel.php(788): CodeIgniter\Model->doInsert([...])
 4 SYSTEMPATH\Model.php(715): CodeIgniter\BaseModel->insert([...], false)
 5 SYSTEMPATH\BaseModel.php(698): CodeIgniter\Model->insert([...], false)
 6 APPPATH\Services\LoginServices.php(128): CodeIgniter\BaseModel->save([...])
 7 APPPATH\Controllers\User\LoginController.php(61): App\Services\LoginServices->hasResetInfo(Object(CodeIgniter\HTTP\IncomingRequest))
 8 SYSTEMPATH\CodeIgniter.php(919): App\Controllers\User\LoginController->validateReset()
 9 SYSTEMPATH\CodeIgniter.php(494): CodeIgniter\CodeIgniter->runController(Object(App\Controllers\User\LoginController))
10 SYSTEMPATH\CodeIgniter.php(353): CodeIgniter\CodeIgniter->handleRequest(null, Object(Config\Cache), false)
11 FCPATH\index.php(81): CodeIgniter\CodeIgniter->run()
12 SYSTEMPATH\Commands\Server\rewrite.php(47): require_once('C:\\xampp\\htdocs\\OCR_Website\\public\\index.php')
ERROR - 2023-11-09 22:57:50 --> mysqli_sql_exception: Duplicate entry '' for key 'email' in C:\xampp\htdocs\OCR_Website\vendor\codeigniter4\framework\system\Database\MySQLi\Connection.php:306
Stack trace:
#0 C:\xampp\htdocs\OCR_Website\vendor\codeigniter4\framework\system\Database\MySQLi\Connection.php(306): mysqli->query('INSERT INTO `us...', 0)
#1 C:\xampp\htdocs\OCR_Website\vendor\codeigniter4\framework\system\Database\BaseConnection.php(692): CodeIgniter\Database\MySQLi\Connection->execute('INSERT INTO `us...')
#2 C:\xampp\htdocs\OCR_Website\vendor\codeigniter4\framework\system\Database\BaseConnection.php(606): CodeIgniter\Database\BaseConnection->simpleQuery('INSERT INTO `us...')
#3 C:\xampp\htdocs\OCR_Website\vendor\codeigniter4\framework\system\Database\BaseBuilder.php(2308): CodeIgniter\Database\BaseConnection->query('INSERT INTO `us...', Array, false)
#4 C:\xampp\htdocs\OCR_Website\vendor\codeigniter4\framework\system\Model.php(319): CodeIgniter\Database\BaseBuilder->insert()
#5 C:\xampp\htdocs\OCR_Website\vendor\codeigniter4\framework\system\BaseModel.php(788): CodeIgniter\Model->doInsert(Array)
#6 C:\xampp\htdocs\OCR_Website\vendor\codeigniter4\framework\system\Model.php(715): CodeIgniter\BaseModel->insert(Array, false)
#7 C:\xampp\htdocs\OCR_Website\vendor\codeigniter4\framework\system\BaseModel.php(698): CodeIgniter\Model->insert(Array, false)
#8 C:\xampp\htdocs\OCR_Website\app\Services\LoginServices.php(128): CodeIgniter\BaseModel->save(Array)
#9 C:\xampp\htdocs\OCR_Website\app\Controllers\User\LoginController.php(61): App\Services\LoginServices->hasResetInfo(Object(CodeIgniter\HTTP\IncomingRequest))
#10 C:\xampp\htdocs\OCR_Website\vendor\codeigniter4\framework\system\CodeIgniter.php(919): App\Controllers\User\LoginController->validateReset()
#11 C:\xampp\htdocs\OCR_Website\vendor\codeigniter4\framework\system\CodeIgniter.php(494): CodeIgniter\CodeIgniter->runController(Object(App\Controllers\User\LoginController))
#12 C:\xampp\htdocs\OCR_Website\vendor\codeigniter4\framework\system\CodeIgniter.php(353): CodeIgniter\CodeIgniter->handleRequest(NULL, Object(Config\Cache), false)
#13 C:\xampp\htdocs\OCR_Website\public\index.php(81): CodeIgniter\CodeIgniter->run()
#14 C:\xampp\htdocs\OCR_Website\vendor\codeigniter4\framework\system\Commands\Server\rewrite.php(47): require_once('C:\\xampp\\htdocs...')
#15 {main}
CRITICAL - 2023-11-09 22:57:50 --> Duplicate entry '' for key 'email'
in SYSTEMPATH\Database\BaseConnection.php on line 646.
 1 SYSTEMPATH\Database\BaseBuilder.php(2308): CodeIgniter\Database\BaseConnection->query('INSERT INTO `users` (`password`) VALUES (:password:)', [...], false)
 2 SYSTEMPATH\Model.php(319): CodeIgniter\Database\BaseBuilder->insert()
 3 SYSTEMPATH\BaseModel.php(788): CodeIgniter\Model->doInsert([...])
 4 SYSTEMPATH\Model.php(715): CodeIgniter\BaseModel->insert([...], false)
 5 SYSTEMPATH\BaseModel.php(698): CodeIgniter\Model->insert([...], false)
 6 APPPATH\Services\LoginServices.php(128): CodeIgniter\BaseModel->save([...])
 7 APPPATH\Controllers\User\LoginController.php(61): App\Services\LoginServices->hasResetInfo(Object(CodeIgniter\HTTP\IncomingRequest))
 8 SYSTEMPATH\CodeIgniter.php(919): App\Controllers\User\LoginController->validateReset()
 9 SYSTEMPATH\CodeIgniter.php(494): CodeIgniter\CodeIgniter->runController(Object(App\Controllers\User\LoginController))
10 SYSTEMPATH\CodeIgniter.php(353): CodeIgniter\CodeIgniter->handleRequest(null, Object(Config\Cache), false)
11 FCPATH\index.php(81): CodeIgniter\CodeIgniter->run()
12 SYSTEMPATH\Commands\Server\rewrite.php(47): require_once('C:\\xampp\\htdocs\\OCR_Website\\public\\index.php')
INFO - 2023-11-09 22:58:36 --> Session: Class initialized using 'CodeIgniter\Session\Handlers\FileHandler' driver.
INFO - 2023-11-09 23:00:28 --> Session: Class initialized using 'CodeIgniter\Session\Handlers\FileHandler' driver.
CRITICAL - 2023-11-09 23:09:32 --> Undefined array key "id"
in APPPATH\Services\LoginServices.php on line 127.
 1 APPPATH\Services\LoginServices.php(127): CodeIgniter\Debug\Exceptions->errorHandler(2, 'Undefined array key "id"', 'C:\\xampp\\htdocs\\OCR_Website\\app\\Services\\LoginServices.php', 127)
 2 APPPATH\Controllers\User\LoginController.php(61): App\Services\LoginServices->hasResetInfo(Object(CodeIgniter\HTTP\IncomingRequest))
 3 SYSTEMPATH\CodeIgniter.php(919): App\Controllers\User\LoginController->validateReset()
 4 SYSTEMPATH\CodeIgniter.php(494): CodeIgniter\CodeIgniter->runController(Object(App\Controllers\User\LoginController))
 5 SYSTEMPATH\CodeIgniter.php(353): CodeIgniter\CodeIgniter->handleRequest(null, Object(Config\Cache), false)
 6 FCPATH\index.php(81): CodeIgniter\CodeIgniter->run()
 7 SYSTEMPATH\Commands\Server\rewrite.php(47): require_once('C:\\xampp\\htdocs\\OCR_Website\\public\\index.php')
ERROR - 2023-11-09 23:10:29 --> mysqli_sql_exception: Duplicate entry '15' for key 'PRIMARY' in C:\xampp\htdocs\OCR_Website\vendor\codeigniter4\framework\system\Database\MySQLi\Connection.php:306
Stack trace:
#0 C:\xampp\htdocs\OCR_Website\vendor\codeigniter4\framework\system\Database\MySQLi\Connection.php(306): mysqli->query('INSERT INTO `us...', 0)
#1 C:\xampp\htdocs\OCR_Website\vendor\codeigniter4\framework\system\Database\BaseConnection.php(692): CodeIgniter\Database\MySQLi\Connection->execute('INSERT INTO `us...')
#2 C:\xampp\htdocs\OCR_Website\vendor\codeigniter4\framework\system\Database\BaseConnection.php(606): CodeIgniter\Database\BaseConnection->simpleQuery('INSERT INTO `us...')
#3 C:\xampp\htdocs\OCR_Website\vendor\codeigniter4\framework\system\Database\BaseBuilder.php(2308): CodeIgniter\Database\BaseConnection->query('INSERT INTO `us...', Array, false)
#4 C:\xampp\htdocs\OCR_Website\vendor\codeigniter4\framework\system\Model.php(319): CodeIgniter\Database\BaseBuilder->insert()
#5 C:\xampp\htdocs\OCR_Website\vendor\codeigniter4\framework\system\BaseModel.php(788): CodeIgniter\Model->doInsert(Array)
#6 C:\xampp\htdocs\OCR_Website\vendor\codeigniter4\framework\system\Model.php(715): CodeIgniter\BaseModel->insert(Array, false)
#7 C:\xampp\htdocs\OCR_Website\vendor\codeigniter4\framework\system\BaseModel.php(698): CodeIgniter\Model->insert(Array, false)
#8 C:\xampp\htdocs\OCR_Website\app\Services\LoginServices.php(129): CodeIgniter\BaseModel->save(Array)
#9 C:\xampp\htdocs\OCR_Website\app\Controllers\User\LoginController.php(61): App\Services\LoginServices->hasResetInfo(Object(CodeIgniter\HTTP\IncomingRequest))
#10 C:\xampp\htdocs\OCR_Website\vendor\codeigniter4\framework\system\CodeIgniter.php(919): App\Controllers\User\LoginController->validateReset()
#11 C:\xampp\htdocs\OCR_Website\vendor\codeigniter4\framework\system\CodeIgniter.php(494): CodeIgniter\CodeIgniter->runController(Object(App\Controllers\User\LoginController))
#12 C:\xampp\htdocs\OCR_Website\vendor\codeigniter4\framework\system\CodeIgniter.php(353): CodeIgniter\CodeIgniter->handleRequest(NULL, Object(Config\Cache), false)
#13 C:\xampp\htdocs\OCR_Website\public\index.php(81): CodeIgniter\CodeIgniter->run()
#14 C:\xampp\htdocs\OCR_Website\vendor\codeigniter4\framework\system\Commands\Server\rewrite.php(47): require_once('C:\\xampp\\htdocs...')
#15 {main}
CRITICAL - 2023-11-09 23:10:29 --> Duplicate entry '15' for key 'PRIMARY'
in SYSTEMPATH\Database\BaseConnection.php on line 646.
 1 SYSTEMPATH\Database\BaseBuilder.php(2308): CodeIgniter\Database\BaseConnection->query('INSERT INTO `users` (`password`, `user_id`) VALUES (:password:, :user_id:)', [...], false)
 2 SYSTEMPATH\Model.php(319): CodeIgniter\Database\BaseBuilder->insert()
 3 SYSTEMPATH\BaseModel.php(788): CodeIgniter\Model->doInsert([...])
 4 SYSTEMPATH\Model.php(715): CodeIgniter\BaseModel->insert([...], false)
 5 SYSTEMPATH\BaseModel.php(698): CodeIgniter\Model->insert([...], false)
 6 APPPATH\Services\LoginServices.php(129): CodeIgniter\BaseModel->save([...])
 7 APPPATH\Controllers\User\LoginController.php(61): App\Services\LoginServices->hasResetInfo(Object(CodeIgniter\HTTP\IncomingRequest))
 8 SYSTEMPATH\CodeIgniter.php(919): App\Controllers\User\LoginController->validateReset()
 9 SYSTEMPATH\CodeIgniter.php(494): CodeIgniter\CodeIgniter->runController(Object(App\Controllers\User\LoginController))
10 SYSTEMPATH\CodeIgniter.php(353): CodeIgniter\CodeIgniter->handleRequest(null, Object(Config\Cache), false)
11 FCPATH\index.php(81): CodeIgniter\CodeIgniter->run()
12 SYSTEMPATH\Commands\Server\rewrite.php(47): require_once('C:\\xampp\\htdocs\\OCR_Website\\public\\index.php')
ERROR - 2023-11-09 23:13:34 --> mysqli_sql_exception: Duplicate entry '' for key 'email' in C:\xampp\htdocs\OCR_Website\vendor\codeigniter4\framework\system\Database\MySQLi\Connection.php:306
Stack trace:
#0 C:\xampp\htdocs\OCR_Website\vendor\codeigniter4\framework\system\Database\MySQLi\Connection.php(306): mysqli->query('INSERT INTO `us...', 0)
#1 C:\xampp\htdocs\OCR_Website\vendor\codeigniter4\framework\system\Database\BaseConnection.php(692): CodeIgniter\Database\MySQLi\Connection->execute('INSERT INTO `us...')
#2 C:\xampp\htdocs\OCR_Website\vendor\codeigniter4\framework\system\Database\BaseConnection.php(606): CodeIgniter\Database\BaseConnection->simpleQuery('INSERT INTO `us...')
#3 C:\xampp\htdocs\OCR_Website\vendor\codeigniter4\framework\system\Database\BaseBuilder.php(2308): CodeIgniter\Database\BaseConnection->query('INSERT INTO `us...', Array, false)
#4 C:\xampp\htdocs\OCR_Website\vendor\codeigniter4\framework\system\Model.php(319): CodeIgniter\Database\BaseBuilder->insert()
#5 C:\xampp\htdocs\OCR_Website\vendor\codeigniter4\framework\system\BaseModel.php(788): CodeIgniter\Model->doInsert(Array)
#6 C:\xampp\htdocs\OCR_Website\vendor\codeigniter4\framework\system\Model.php(715): CodeIgniter\BaseModel->insert(Array, false)
#7 C:\xampp\htdocs\OCR_Website\vendor\codeigniter4\framework\system\BaseModel.php(698): CodeIgniter\Model->insert(Array, false)
#8 C:\xampp\htdocs\OCR_Website\app\Services\LoginServices.php(128): CodeIgniter\BaseModel->save(Array)
#9 C:\xampp\htdocs\OCR_Website\app\Controllers\User\LoginController.php(61): App\Services\LoginServices->hasResetInfo(Object(CodeIgniter\HTTP\IncomingRequest))
#10 C:\xampp\htdocs\OCR_Website\vendor\codeigniter4\framework\system\CodeIgniter.php(919): App\Controllers\User\LoginController->validateReset()
#11 C:\xampp\htdocs\OCR_Website\vendor\codeigniter4\framework\system\CodeIgniter.php(494): CodeIgniter\CodeIgniter->runController(Object(App\Controllers\User\LoginController))
#12 C:\xampp\htdocs\OCR_Website\vendor\codeigniter4\framework\system\CodeIgniter.php(353): CodeIgniter\CodeIgniter->handleRequest(NULL, Object(Config\Cache), false)
#13 C:\xampp\htdocs\OCR_Website\public\index.php(81): CodeIgniter\CodeIgniter->run()
#14 C:\xampp\htdocs\OCR_Website\vendor\codeigniter4\framework\system\Commands\Server\rewrite.php(47): require_once('C:\\xampp\\htdocs...')
#15 {main}
CRITICAL - 2023-11-09 23:13:34 --> Duplicate entry '' for key 'email'
in SYSTEMPATH\Database\BaseConnection.php on line 646.
 1 SYSTEMPATH\Database\BaseBuilder.php(2308): CodeIgniter\Database\BaseConnection->query('INSERT INTO `users` (`password`) VALUES (:password:)', [...], false)
 2 SYSTEMPATH\Model.php(319): CodeIgniter\Database\BaseBuilder->insert()
 3 SYSTEMPATH\BaseModel.php(788): CodeIgniter\Model->doInsert([...])
 4 SYSTEMPATH\Model.php(715): CodeIgniter\BaseModel->insert([...], false)
 5 SYSTEMPATH\BaseModel.php(698): CodeIgniter\Model->insert([...], false)
 6 APPPATH\Services\LoginServices.php(128): CodeIgniter\BaseModel->save([...])
 7 APPPATH\Controllers\User\LoginController.php(61): App\Services\LoginServices->hasResetInfo(Object(CodeIgniter\HTTP\IncomingRequest))
 8 SYSTEMPATH\CodeIgniter.php(919): App\Controllers\User\LoginController->validateReset()
 9 SYSTEMPATH\CodeIgniter.php(494): CodeIgniter\CodeIgniter->runController(Object(App\Controllers\User\LoginController))
10 SYSTEMPATH\CodeIgniter.php(353): CodeIgniter\CodeIgniter->handleRequest(null, Object(Config\Cache), false)
11 FCPATH\index.php(81): CodeIgniter\CodeIgniter->run()
12 SYSTEMPATH\Commands\Server\rewrite.php(47): require_once('C:\\xampp\\htdocs\\OCR_Website\\public\\index.php')
ERROR - 2023-11-09 23:15:15 --> mysqli_sql_exception: Unknown column '$2y$10$5WTenxj//pfJbp0A2//puO2k56ErZiSdx4jKjoWuJCYbcZF74TSBS' in 'field list' in C:\xampp\htdocs\OCR_Website\vendor\codeigniter4\framework\system\Database\MySQLi\Connection.php:306
Stack trace:
#0 C:\xampp\htdocs\OCR_Website\vendor\codeigniter4\framework\system\Database\MySQLi\Connection.php(306): mysqli->query('UPDATE `users` ...', 0)
#1 C:\xampp\htdocs\OCR_Website\vendor\codeigniter4\framework\system\Database\BaseConnection.php(692): CodeIgniter\Database\MySQLi\Connection->execute('UPDATE `users` ...')
#2 C:\xampp\htdocs\OCR_Website\vendor\codeigniter4\framework\system\Database\BaseConnection.php(606): CodeIgniter\Database\BaseConnection->simpleQuery('UPDATE `users` ...')
#3 C:\xampp\htdocs\OCR_Website\vendor\codeigniter4\framework\system\Database\BaseBuilder.php(2475): CodeIgniter\Database\BaseConnection->query('UPDATE `users` ...', Array, false)
#4 C:\xampp\htdocs\OCR_Website\vendor\codeigniter4\framework\system\Model.php(385): CodeIgniter\Database\BaseBuilder->update()
#5 C:\xampp\htdocs\OCR_Website\vendor\codeigniter4\framework\system\BaseModel.php(949): CodeIgniter\Model->doUpdate(NULL, Array)
#6 C:\xampp\htdocs\OCR_Website\vendor\codeigniter4\framework\system\Model.php(776): CodeIgniter\BaseModel->update(NULL, Array)
#7 C:\xampp\htdocs\OCR_Website\app\Services\LoginServices.php(129): CodeIgniter\Model->update()
#8 C:\xampp\htdocs\OCR_Website\app\Controllers\User\LoginController.php(61): App\Services\LoginServices->hasResetInfo(Object(CodeIgniter\HTTP\IncomingRequest))
#9 C:\xampp\htdocs\OCR_Website\vendor\codeigniter4\framework\system\CodeIgniter.php(919): App\Controllers\User\LoginController->validateReset()
#10 C:\xampp\htdocs\OCR_Website\vendor\codeigniter4\framework\system\CodeIgniter.php(494): CodeIgniter\CodeIgniter->runController(Object(App\Controllers\User\LoginController))
#11 C:\xampp\htdocs\OCR_Website\vendor\codeigniter4\framework\system\CodeIgniter.php(353): CodeIgniter\CodeIgniter->handleRequest(NULL, Object(Config\Cache), false)
#12 C:\xampp\htdocs\OCR_Website\public\index.php(81): CodeIgniter\CodeIgniter->run()
#13 C:\xampp\htdocs\OCR_Website\vendor\codeigniter4\framework\system\Commands\Server\rewrite.php(47): require_once('C:\\xampp\\htdocs...')
#14 {main}
CRITICAL - 2023-11-09 23:15:15 --> Unknown column '$2y$10$5WTenxj//pfJbp0A2//puO2k56ErZiSdx4jKjoWuJCYbcZF74TSBS' in 'field list'
in SYSTEMPATH\Database\BaseConnection.php on line 646.
 1 SYSTEMPATH\Database\BaseBuilder.php(2475): CodeIgniter\Database\BaseConnection->query('UPDATE `users` SET `$2y$10$5WTenxj//pfJbp0A2//puO2k56ErZiSdx4jKjoWuJCYbcZF74TSBS` = :$2y$10$5WTenxj//pfJbp0A2//puO2k56ErZiSdx4jKjoWuJCYbcZF74TSBS:
WHERE `user_id` = :user_id:', [...], false)
 2 SYSTEMPATH\Model.php(385): CodeIgniter\Database\BaseBuilder->update()
 3 SYSTEMPATH\BaseModel.php(949): CodeIgniter\Model->doUpdate(null, [...])
 4 SYSTEMPATH\Model.php(776): CodeIgniter\BaseModel->update(null, [...])
 5 APPPATH\Services\LoginServices.php(129): CodeIgniter\Model->update()
 6 APPPATH\Controllers\User\LoginController.php(61): App\Services\LoginServices->hasResetInfo(Object(CodeIgniter\HTTP\IncomingRequest))
 7 SYSTEMPATH\CodeIgniter.php(919): App\Controllers\User\LoginController->validateReset()
 8 SYSTEMPATH\CodeIgniter.php(494): CodeIgniter\CodeIgniter->runController(Object(App\Controllers\User\LoginController))
 9 SYSTEMPATH\CodeIgniter.php(353): CodeIgniter\CodeIgniter->handleRequest(null, Object(Config\Cache), false)
10 FCPATH\index.php(81): CodeIgniter\CodeIgniter->run()
11 SYSTEMPATH\Commands\Server\rewrite.php(47): require_once('C:\\xampp\\htdocs\\OCR_Website\\public\\index.php')
