CRITICAL - 2023-11-14 20:03:18 --> Maximum execution time of 60 seconds exceeded
in APPPATH\Controllers\User\ModelController.php on line 48.
 1 [internal function]: CodeIgniter\Debug\Exceptions->shutdownHandler()
CRITICAL - 2023-11-14 20:35:32 --> Maximum execution time of 60 seconds exceeded
in APPPATH\Controllers\User\ModelController.php on line 48.
 1 [internal function]: CodeIgniter\Debug\Exceptions->shutdownHandler()
CRITICAL - 2023-11-14 20:44:53 --> Maximum execution time of 60 seconds exceeded
in APPPATH\Controllers\User\ModelController.php on line 48.
 1 [internal function]: CodeIgniter\Debug\Exceptions->shutdownHandler()
CRITICAL - 2023-11-14 22:38:56 --> foreach() argument must be of type array|object, string given
in APPPATH\Views\user\index.php on line 237.
 1 APPPATH\Views\user\index.php(237): CodeIgniter\Debug\Exceptions->errorHandler(2, 'foreach() argument must be of type array|object, string given', 'C:\\xampp\\htdocs\\OCR_Website\\app\\Views\\user\\index.php', 237)
 2 SYSTEMPATH\View\View.php(226): include('C:\\xampp\\htdocs\\OCR_Website\\app\\Views\\user\\index.php')
 3 SYSTEMPATH\View\View.php(229): CodeIgniter\View\View->CodeIgniter\View\{closure}()
 4 SYSTEMPATH\Common.php(1188): CodeIgniter\View\View->render('user/index', [], true)
 5 APPPATH\Controllers\User\HomeController.php(15): view('user/index', [...])
 6 SYSTEMPATH\CodeIgniter.php(919): App\Controllers\User\HomeController->index()
 7 SYSTEMPATH\CodeIgniter.php(494): CodeIgniter\CodeIgniter->runController(Object(App\Controllers\User\HomeController))
 8 SYSTEMPATH\CodeIgniter.php(353): CodeIgniter\CodeIgniter->handleRequest(null, Object(Config\Cache), false)
 9 FCPATH\index.php(81): CodeIgniter\CodeIgniter->run()
10 SYSTEMPATH\Commands\Server\rewrite.php(47): require_once('C:\\xampp\\htdocs\\OCR_Website\\public\\index.php')
CRITICAL - 2023-11-14 22:40:54 --> foreach() argument must be of type array|object, string given
in APPPATH\Views\user\index.php on line 237.
 1 APPPATH\Views\user\index.php(237): CodeIgniter\Debug\Exceptions->errorHandler(2, 'foreach() argument must be of type array|object, string given', 'C:\\xampp\\htdocs\\OCR_Website\\app\\Views\\user\\index.php', 237)
 2 SYSTEMPATH\View\View.php(226): include('C:\\xampp\\htdocs\\OCR_Website\\app\\Views\\user\\index.php')
 3 SYSTEMPATH\View\View.php(229): CodeIgniter\View\View->CodeIgniter\View\{closure}()
 4 SYSTEMPATH\Common.php(1188): CodeIgniter\View\View->render('user/index', [], true)
 5 APPPATH\Controllers\User\HomeController.php(15): view('user/index', [...])
 6 SYSTEMPATH\CodeIgniter.php(919): App\Controllers\User\HomeController->index()
 7 SYSTEMPATH\CodeIgniter.php(494): CodeIgniter\CodeIgniter->runController(Object(App\Controllers\User\HomeController))
 8 SYSTEMPATH\CodeIgniter.php(353): CodeIgniter\CodeIgniter->handleRequest(null, Object(Config\Cache), false)
 9 FCPATH\index.php(81): CodeIgniter\CodeIgniter->run()
10 SYSTEMPATH\Commands\Server\rewrite.php(47): require_once('C:\\xampp\\htdocs\\OCR_Website\\public\\index.php')
CRITICAL - 2023-11-14 22:40:59 --> foreach() argument must be of type array|object, string given
in APPPATH\Views\user\index.php on line 237.
 1 APPPATH\Views\user\index.php(237): CodeIgniter\Debug\Exceptions->errorHandler(2, 'foreach() argument must be of type array|object, string given', 'C:\\xampp\\htdocs\\OCR_Website\\app\\Views\\user\\index.php', 237)
 2 SYSTEMPATH\View\View.php(226): include('C:\\xampp\\htdocs\\OCR_Website\\app\\Views\\user\\index.php')
 3 SYSTEMPATH\View\View.php(229): CodeIgniter\View\View->CodeIgniter\View\{closure}()
 4 SYSTEMPATH\Common.php(1188): CodeIgniter\View\View->render('user/index', [], true)
 5 APPPATH\Controllers\User\HomeController.php(15): view('user/index', [...])
 6 SYSTEMPATH\CodeIgniter.php(919): App\Controllers\User\HomeController->index()
 7 SYSTEMPATH\CodeIgniter.php(494): CodeIgniter\CodeIgniter->runController(Object(App\Controllers\User\HomeController))
 8 SYSTEMPATH\CodeIgniter.php(353): CodeIgniter\CodeIgniter->handleRequest(null, Object(Config\Cache), false)
 9 FCPATH\index.php(81): CodeIgniter\CodeIgniter->run()
10 SYSTEMPATH\Commands\Server\rewrite.php(47): require_once('C:\\xampp\\htdocs\\OCR_Website\\public\\index.php')
CRITICAL - 2023-11-14 22:41:55 --> foreach() argument must be of type array|object, string given
in APPPATH\Views\user\index.php on line 237.
 1 APPPATH\Views\user\index.php(237): CodeIgniter\Debug\Exceptions->errorHandler(2, 'foreach() argument must be of type array|object, string given', 'C:\\xampp\\htdocs\\OCR_Website\\app\\Views\\user\\index.php', 237)
 2 SYSTEMPATH\View\View.php(226): include('C:\\xampp\\htdocs\\OCR_Website\\app\\Views\\user\\index.php')
 3 SYSTEMPATH\View\View.php(229): CodeIgniter\View\View->CodeIgniter\View\{closure}()
 4 SYSTEMPATH\Common.php(1188): CodeIgniter\View\View->render('user/index', [], true)
 5 APPPATH\Controllers\User\HomeController.php(15): view('user/index', [...])
 6 SYSTEMPATH\CodeIgniter.php(919): App\Controllers\User\HomeController->index()
 7 SYSTEMPATH\CodeIgniter.php(494): CodeIgniter\CodeIgniter->runController(Object(App\Controllers\User\HomeController))
 8 SYSTEMPATH\CodeIgniter.php(353): CodeIgniter\CodeIgniter->handleRequest(null, Object(Config\Cache), false)
 9 FCPATH\index.php(81): CodeIgniter\CodeIgniter->run()
10 SYSTEMPATH\Commands\Server\rewrite.php(47): require_once('C:\\xampp\\htdocs\\OCR_Website\\public\\index.php')
INFO - 2023-11-14 22:44:57 --> Session: Class initialized using 'CodeIgniter\Session\Handlers\FileHandler' driver.
CRITICAL - 2023-11-14 22:44:57 --> Undefined variable $currentSection
in APPPATH\Views\user\index_logged.php on line 19.
 1 APPPATH\Views\user\index_logged.php(19): CodeIgniter\Debug\Exceptions->errorHandler(2, 'Undefined variable $currentSection', 'C:\\xampp\\htdocs\\OCR_Website\\app\\Views\\user\\index_logged.php', 19)
 2 SYSTEMPATH\View\View.php(226): include('C:\\xampp\\htdocs\\OCR_Website\\app\\Views\\user\\index_logged.php')
 3 SYSTEMPATH\View\View.php(229): CodeIgniter\View\View->CodeIgniter\View\{closure}()
 4 SYSTEMPATH\Common.php(1188): CodeIgniter\View\View->render('user\\index_logged', [], true)
 5 APPPATH\Controllers\User\LoginController.php(49): view('user\\index_logged')
 6 SYSTEMPATH\CodeIgniter.php(919): App\Controllers\User\LoginController->login()
 7 SYSTEMPATH\CodeIgniter.php(494): CodeIgniter\CodeIgniter->runController(Object(App\Controllers\User\LoginController))
 8 SYSTEMPATH\CodeIgniter.php(353): CodeIgniter\CodeIgniter->handleRequest(null, Object(Config\Cache), false)
 9 FCPATH\index.php(81): CodeIgniter\CodeIgniter->run()
10 SYSTEMPATH\Commands\Server\rewrite.php(47): require_once('C:\\xampp\\htdocs\\OCR_Website\\public\\index.php')
INFO - 2023-11-14 22:47:16 --> Session: Class initialized using 'CodeIgniter\Session\Handlers\FileHandler' driver.
CRITICAL - 2023-11-14 22:47:16 --> Array to string conversion
in APPPATH\Views\user\index_logged.php on line 237.
 1 APPPATH\Views\user\index_logged.php(237): CodeIgniter\Debug\Exceptions->errorHandler(2, 'Array to string conversion', 'C:\\xampp\\htdocs\\OCR_Website\\app\\Views\\user\\index_logged.php', 237)
 2 SYSTEMPATH\View\View.php(226): include('C:\\xampp\\htdocs\\OCR_Website\\app\\Views\\user\\index_logged.php')
 3 SYSTEMPATH\View\View.php(229): CodeIgniter\View\View->CodeIgniter\View\{closure}()
 4 SYSTEMPATH\Common.php(1188): CodeIgniter\View\View->render('user/index_logged', [], true)
 5 APPPATH\Controllers\User\HomeController.php(27): view('user/index_logged', [...])
 6 SYSTEMPATH\CodeIgniter.php(919): App\Controllers\User\HomeController->index_logged()
 7 SYSTEMPATH\CodeIgniter.php(494): CodeIgniter\CodeIgniter->runController(Object(App\Controllers\User\HomeController))
 8 SYSTEMPATH\CodeIgniter.php(353): CodeIgniter\CodeIgniter->handleRequest(null, Object(Config\Cache), false)
 9 FCPATH\index.php(81): CodeIgniter\CodeIgniter->run()
10 SYSTEMPATH\Commands\Server\rewrite.php(47): require_once('C:\\xampp\\htdocs\\OCR_Website\\public\\index.php')
INFO - 2023-11-14 22:47:24 --> Session: Class initialized using 'CodeIgniter\Session\Handlers\FileHandler' driver.
CRITICAL - 2023-11-14 22:47:24 --> Array to string conversion
in APPPATH\Views\user\index_logged.php on line 237.
 1 APPPATH\Views\user\index_logged.php(237): CodeIgniter\Debug\Exceptions->errorHandler(2, 'Array to string conversion', 'C:\\xampp\\htdocs\\OCR_Website\\app\\Views\\user\\index_logged.php', 237)
 2 SYSTEMPATH\View\View.php(226): include('C:\\xampp\\htdocs\\OCR_Website\\app\\Views\\user\\index_logged.php')
 3 SYSTEMPATH\View\View.php(229): CodeIgniter\View\View->CodeIgniter\View\{closure}()
 4 SYSTEMPATH\Common.php(1188): CodeIgniter\View\View->render('user/index_logged', [], true)
 5 APPPATH\Controllers\User\HomeController.php(27): view('user/index_logged', [...])
 6 SYSTEMPATH\CodeIgniter.php(919): App\Controllers\User\HomeController->index_logged()
 7 SYSTEMPATH\CodeIgniter.php(494): CodeIgniter\CodeIgniter->runController(Object(App\Controllers\User\HomeController))
 8 SYSTEMPATH\CodeIgniter.php(353): CodeIgniter\CodeIgniter->handleRequest(null, Object(Config\Cache), false)
 9 FCPATH\index.php(81): CodeIgniter\CodeIgniter->run()
10 SYSTEMPATH\Commands\Server\rewrite.php(47): require_once('C:\\xampp\\htdocs\\OCR_Website\\public\\index.php')
INFO - 2023-11-14 22:55:22 --> Session: Class initialized using 'CodeIgniter\Session\Handlers\FileHandler' driver.
