CRITICAL - 2023-11-10 01:12:08 --> file_get_contents(C:/xampp/htdocs/OCR_Website/app/Models/uploads/): Failed to open stream: No such file or directory
in APPPATH\Views\user\index.php on line 186.
 1 [internal function]: CodeIgniter\Debug\Exceptions->errorHandler(2, 'file_get_contents(C:/xampp/htdocs/OCR_Website/app/Models/uploads/): Failed to open stream: No such file or directory', 'C:\\xampp\\htdocs\\OCR_Website\\app\\Views\\user\\index.php', 186)
 2 APPPATH\Views\user\index.php(186): file_get_contents('C:/xampp/htdocs/OCR_Website/app/Models/uploads/')
 3 SYSTEMPATH\View\View.php(226): include('C:\\xampp\\htdocs\\OCR_Website\\app\\Views\\user\\index.php')
 4 SYSTEMPATH\View\View.php(229): CodeIgniter\View\View->CodeIgniter\View\{closure}()
 5 SYSTEMPATH\Common.php(1188): CodeIgniter\View\View->render('user/index', [], true)
 6 APPPATH\Controllers\User\ModelController.php(44): view('user/index', [...])
 7 SYSTEMPATH\CodeIgniter.php(919): App\Controllers\User\ModelController->predict()
 8 SYSTEMPATH\CodeIgniter.php(494): CodeIgniter\CodeIgniter->runController(Object(App\Controllers\User\ModelController))
 9 SYSTEMPATH\CodeIgniter.php(353): CodeIgniter\CodeIgniter->handleRequest(null, Object(Config\Cache), false)
10 FCPATH\index.php(81): CodeIgniter\CodeIgniter->run()
11 SYSTEMPATH\Commands\Server\rewrite.php(47): require_once('C:\\xampp\\htdocs\\OCR_Website\\public\\index.php')
CRITICAL - 2023-11-10 01:13:26 --> file_get_contents(C:/xampp/htdocs/OCR_Website/app/Models/uploads/): Failed to open stream: No such file or directory
in APPPATH\Views\user\index.php on line 181.
 1 [internal function]: CodeIgniter\Debug\Exceptions->errorHandler(2, 'file_get_contents(C:/xampp/htdocs/OCR_Website/app/Models/uploads/): Failed to open stream: No such file or directory', 'C:\\xampp\\htdocs\\OCR_Website\\app\\Views\\user\\index.php', 181)
 2 APPPATH\Views\user\index.php(181): file_get_contents('C:/xampp/htdocs/OCR_Website/app/Models/uploads/')
 3 SYSTEMPATH\View\View.php(226): include('C:\\xampp\\htdocs\\OCR_Website\\app\\Views\\user\\index.php')
 4 SYSTEMPATH\View\View.php(229): CodeIgniter\View\View->CodeIgniter\View\{closure}()
 5 SYSTEMPATH\Common.php(1188): CodeIgniter\View\View->render('user/index', [], true)
 6 APPPATH\Controllers\User\ModelController.php(44): view('user/index', [...])
 7 SYSTEMPATH\CodeIgniter.php(919): App\Controllers\User\ModelController->predict()
 8 SYSTEMPATH\CodeIgniter.php(494): CodeIgniter\CodeIgniter->runController(Object(App\Controllers\User\ModelController))
 9 SYSTEMPATH\CodeIgniter.php(353): CodeIgniter\CodeIgniter->handleRequest(null, Object(Config\Cache), false)
10 FCPATH\index.php(81): CodeIgniter\CodeIgniter->run()
11 SYSTEMPATH\Commands\Server\rewrite.php(47): require_once('C:\\xampp\\htdocs\\OCR_Website\\public\\index.php')
