CRITICAL - 2023-11-08 01:18:52 --> Invalid file: "user/reset/resetPwdPage.php"
in SYSTEMPATH\Exceptions\FrameworkException.php on line 39.
 1 SYSTEMPATH\View\View.php(214): CodeIgniter\Exceptions\FrameworkException::forInvalidFile('user/reset/resetPwdPage.php')
 2 SYSTEMPATH\Common.php(1188): CodeIgniter\View\View->render('user/reset/resetPwdPage', [], true)
 3 APPPATH\Controllers\User\HomeController.php(14): view('user/reset/resetPwdPage')
 4 SYSTEMPATH\CodeIgniter.php(919): App\Controllers\User\HomeController->reset()
 5 SYSTEMPATH\CodeIgniter.php(494): CodeIgniter\CodeIgniter->runController(Object(App\Controllers\User\HomeController))
 6 SYSTEMPATH\CodeIgniter.php(353): CodeIgniter\CodeIgniter->handleRequest(null, Object(Config\Cache), false)
 7 FCPATH\index.php(81): CodeIgniter\CodeIgniter->run()
 8 SYSTEMPATH\Commands\Server\rewrite.php(47): require_once('C:\\xampp\\htdocs\\OCR_Website\\public\\index.php')
CRITICAL - 2023-11-08 01:21:39 --> Invalid file: "user/reset/resetPwdPage.html"
in SYSTEMPATH\Exceptions\FrameworkException.php on line 39.
 1 SYSTEMPATH\View\View.php(214): CodeIgniter\Exceptions\FrameworkException::forInvalidFile('user/reset/resetPwdPage.html')
 2 SYSTEMPATH\Common.php(1188): CodeIgniter\View\View->render('user/reset/resetPwdPage.html', [], true)
 3 APPPATH\Controllers\User\HomeController.php(14): view('user/reset/resetPwdPage.html')
 4 SYSTEMPATH\CodeIgniter.php(919): App\Controllers\User\HomeController->reset()
 5 SYSTEMPATH\CodeIgniter.php(494): CodeIgniter\CodeIgniter->runController(Object(App\Controllers\User\HomeController))
 6 SYSTEMPATH\CodeIgniter.php(353): CodeIgniter\CodeIgniter->handleRequest(null, Object(Config\Cache), false)
 7 FCPATH\index.php(81): CodeIgniter\CodeIgniter->run()
 8 SYSTEMPATH\Commands\Server\rewrite.php(47): require_once('C:\\xampp\\htdocs\\OCR_Website\\public\\index.php')
